2018-03-19 00:10:29.786  INFO 4452 --- [RMI TCP Connection(2)-127.0.0.1] inMXBeanRegistrar$SpringApplicationAdmin : Application shutdown requested.
2018-03-19 00:10:30.312  INFO 4452 --- [RMI TCP Connection(2)-127.0.0.1] ConfigServletWebServerApplicationContext : Closing org.springframework.boot.web.servlet.context.AnnotationConfigServletWebServerApplicationContext@18ee631: startup date [Sun Mar 18 23:56:43 ICT 2018]; root of context hierarchy
2018-03-19 00:10:30.316  INFO 4452 --- [RMI TCP Connection(2)-127.0.0.1] o.s.j.e.a.AnnotationMBeanExporter        : Unregistering JMX-exposed beans on shutdown
2018-03-19 00:10:30.318  INFO 4452 --- [RMI TCP Connection(2)-127.0.0.1] o.s.j.e.a.AnnotationMBeanExporter        : Unregistering JMX-exposed beans
2018-03-19 00:10:30.349  INFO 4452 --- [RMI TCP Connection(2)-127.0.0.1] j.LocalContainerEntityManagerFactoryBean : Closing JPA EntityManagerFactory for persistence unit 'default'
2018-03-19 00:10:30.380  INFO 4452 --- [RMI TCP Connection(2)-127.0.0.1] com.zaxxer.hikari.HikariDataSource       : HikariPool-1 - Shutdown initiated...
2018-03-19 00:10:30.392  INFO 4452 --- [RMI TCP Connection(2)-127.0.0.1] com.zaxxer.hikari.HikariDataSource       : HikariPool-1 - Shutdown completed.
2018-03-19 00:10:37.997  INFO 12352 --- [main] rviceManagerBookingDbLineDropApplication : Starting WebserviceManagerBookingDbLineDropApplication on Hamsuhi with PID 12352 (E:\workspace_eclipse\WebserviceManagerBookingDBLineDrop\WebserviceManagerBookingDBLineDrop\bin\main started by admin in E:\workspace_eclipse\WebserviceManagerBookingDBLineDrop\WebserviceManagerBookingDBLineDrop)
2018-03-19 00:10:38.000  INFO 12352 --- [main] rviceManagerBookingDbLineDropApplication : No active profile set, falling back to default profiles: default
2018-03-19 00:10:38.062  INFO 12352 --- [main] ConfigServletWebServerApplicationContext : Refreshing org.springframework.boot.web.servlet.context.AnnotationConfigServletWebServerApplicationContext@1918c79: startup date [Mon Mar 19 00:10:38 ICT 2018]; root of context hierarchy
2018-03-19 00:10:39.077  INFO 12352 --- [main] trationDelegate$BeanPostProcessorChecker : Bean 'org.springframework.transaction.annotation.ProxyTransactionManagementConfiguration' of type [org.springframework.transaction.annotation.ProxyTransactionManagementConfiguration$$EnhancerBySpringCGLIB$$7c47d7b4] is not eligible for getting processed by all BeanPostProcessors (for example: not eligible for auto-proxying)
2018-03-19 00:10:39.367  INFO 12352 --- [main] o.s.b.w.embedded.tomcat.TomcatWebServer  : Tomcat initialized with port(s): 8083 (http)
2018-03-19 00:10:39.421  INFO 12352 --- [main] o.apache.catalina.core.StandardService   : Starting service [Tomcat]
2018-03-19 00:10:39.422  INFO 12352 --- [main] org.apache.catalina.core.StandardEngine  : Starting Servlet Engine: Apache Tomcat/8.5.28
2018-03-19 00:10:39.426  INFO 12352 --- [localhost-startStop-1] o.a.catalina.core.AprLifecycleListener   : The APR based Apache Tomcat Native library which allows optimal performance in production environments was not found on the java.library.path: [D:\Bo cai sau win\eclipse\eclipse\eclipse\jre\bin;C:\WINDOWS\Sun\Java\bin;C:\WINDOWS\system32;C:\WINDOWS;D:/Bo cai sau win/eclipse/eclipse/eclipse/jre/bin/client;D:/Bo cai sau win/eclipse/eclipse/eclipse/jre/bin;D:/Bo cai sau win/eclipse/eclipse/eclipse/jre/lib/i386;C:\ProgramData\Oracle\Java\javapath;C:\Program Files\Java\jdk-9.0.4\bin;C:\Program Files (x86)\gradle\gradle_3.5\bin;C:\WINDOWS\system32;C:\WINDOWS;C:\WINDOWS\System32\Wbem;C:\WINDOWS\System32\WindowsPowerShell\v1.0\;C:\Program Files\Git\cmd;C:\Program Files\MySQL\MySQL Utilities 1.6\;C:\Program Files\nodejs\;C:\Program Files\Microsoft VS Code\bin;C:\Users\admin\AppData\Local\Microsoft\WindowsApps;C:\Users\admin\AppData\Roaming\npm;D:\Bo cai sau win\eclipse\eclipse\eclipse;;.]
2018-03-19 00:10:39.646  INFO 12352 --- [localhost-startStop-1] org.apache.jasper.servlet.TldScanner     : At least one JAR was scanned for TLDs yet contained no TLDs. Enable debug logging for this logger for a complete list of JARs that were scanned but no TLDs were found in them. Skipping unneeded JARs during scanning can improve startup time and JSP compilation time.
2018-03-19 00:10:39.654  INFO 12352 --- [localhost-startStop-1] o.a.c.c.C.[Tomcat].[localhost].[/]       : Initializing Spring embedded WebApplicationContext
2018-03-19 00:10:39.654  INFO 12352 --- [localhost-startStop-1] o.s.web.context.ContextLoader            : Root WebApplicationContext: initialization completed in 1593 ms
2018-03-19 00:10:39.857  INFO 12352 --- [localhost-startStop-1] o.s.b.w.servlet.ServletRegistrationBean  : Servlet dispatcherServlet mapped to [/]
2018-03-19 00:10:39.861  INFO 12352 --- [localhost-startStop-1] o.s.b.w.servlet.FilterRegistrationBean   : Mapping filter: 'characterEncodingFilter' to: [/*]
2018-03-19 00:10:39.861  INFO 12352 --- [localhost-startStop-1] o.s.b.w.servlet.FilterRegistrationBean   : Mapping filter: 'hiddenHttpMethodFilter' to: [/*]
2018-03-19 00:10:39.861  INFO 12352 --- [localhost-startStop-1] o.s.b.w.servlet.FilterRegistrationBean   : Mapping filter: 'httpPutFormContentFilter' to: [/*]
2018-03-19 00:10:39.861  INFO 12352 --- [localhost-startStop-1] o.s.b.w.servlet.FilterRegistrationBean   : Mapping filter: 'requestContextFilter' to: [/*]
2018-03-19 00:10:40.003  INFO 12352 --- [main] com.zaxxer.hikari.HikariDataSource       : HikariPool-1 - Starting...
2018-03-19 00:10:40.610  INFO 12352 --- [main] com.zaxxer.hikari.HikariDataSource       : HikariPool-1 - Start completed.
2018-03-19 00:10:40.670  INFO 12352 --- [main] j.LocalContainerEntityManagerFactoryBean : Building JPA container EntityManagerFactory for persistence unit 'default'
2018-03-19 00:10:40.687  INFO 12352 --- [main] o.hibernate.jpa.internal.util.LogHelper  : HHH000204: Processing PersistenceUnitInfo [
	name: default
	...]
2018-03-19 00:10:40.789  INFO 12352 --- [main] org.hibernate.Version                    : HHH000412: Hibernate Core {5.2.14.Final}
2018-03-19 00:10:40.791  INFO 12352 --- [main] org.hibernate.cfg.Environment            : HHH000206: hibernate.properties not found
2018-03-19 00:10:40.843  INFO 12352 --- [main] o.hibernate.annotations.common.Version   : HCANN000001: Hibernate Commons Annotations {5.0.1.Final}
2018-03-19 00:10:40.957  INFO 12352 --- [main] org.hibernate.dialect.Dialect            : HHH000400: Using dialect: org.hibernate.dialect.MySQL5Dialect
2018-03-19 00:10:42.274  INFO 12352 --- [main] o.h.h.i.QueryTranslatorFactoryInitiator  : HHH000397: Using ASTQueryTranslatorFactory
2018-03-19 00:10:42.345  INFO 12352 --- [main] j.LocalContainerEntityManagerFactoryBean : Initialized JPA EntityManagerFactory for persistence unit 'default'
2018-03-19 00:10:43.288  INFO 12352 --- [main] s.w.s.m.m.a.RequestMappingHandlerAdapter : Looking for @ControllerAdvice: org.springframework.boot.web.servlet.context.AnnotationConfigServletWebServerApplicationContext@1918c79: startup date [Mon Mar 19 00:10:38 ICT 2018]; root of context hierarchy
2018-03-19 00:10:43.329  WARN 12352 --- [main] aWebConfiguration$JpaWebMvcConfiguration : spring.jpa.open-in-view is enabled by default. Therefore, database queries may be performed during view rendering. Explicitly configure spring.jpa.open-in-view to disable this warning
2018-03-19 00:10:43.390  INFO 12352 --- [main] s.w.s.m.m.a.RequestMappingHandlerMapping : Mapped "{[/]}" onto public org.springframework.web.servlet.ModelAndView com.hamsuhi.controller.AppController.allTemplate(org.springframework.web.servlet.ModelAndView)
2018-03-19 00:10:43.391  INFO 12352 --- [main] s.w.s.m.m.a.RequestMappingHandlerMapping : Mapped "{[/partials/{page}]}" onto public java.lang.String com.hamsuhi.controller.AppController.partialHandler(java.lang.String)
2018-03-19 00:10:43.398  INFO 12352 --- [main] s.w.s.m.m.a.RequestMappingHandlerMapping : Mapped "{[/api/bookBorrowing/],methods=[GET]}" onto public org.springframework.http.ResponseEntity<java.util.List<com.hamsuhi.entity.Bookborrowing>> com.hamsuhi.controller.BookBorrowingController.getAll()
2018-03-19 00:10:43.398  INFO 12352 --- [main] s.w.s.m.m.a.RequestMappingHandlerMapping : Mapped "{[/api/bookBorrowing/{id}],methods=[PUT]}" onto public org.springframework.http.ResponseEntity<?> com.hamsuhi.controller.BookBorrowingController.updateBookBorrowing(int,com.hamsuhi.entity.Bookborrowing)
2018-03-19 00:10:43.398  INFO 12352 --- [main] s.w.s.m.m.a.RequestMappingHandlerMapping : Mapped "{[/api/bookBorrowing/{id}],methods=[DELETE]}" onto public org.springframework.http.ResponseEntity<?> com.hamsuhi.controller.BookBorrowingController.deleteBookBorrowing(int)
2018-03-19 00:10:43.399  INFO 12352 --- [main] s.w.s.m.m.a.RequestMappingHandlerMapping : Mapped "{[/api/bookBorrowing/{id}],methods=[GET]}" onto public org.springframework.http.ResponseEntity<?> com.hamsuhi.controller.BookBorrowingController.getById(int)
2018-03-19 00:10:43.399  INFO 12352 --- [main] s.w.s.m.m.a.RequestMappingHandlerMapping : Mapped "{[/api/bookBorrowing/],methods=[POST]}" onto public org.springframework.http.ResponseEntity<java.lang.Void> com.hamsuhi.controller.BookBorrowingController.addBookBorrowing(com.hamsuhi.entity.Bookborrowing,org.springframework.web.util.UriComponentsBuilder)
2018-03-19 00:10:43.401  INFO 12352 --- [main] s.w.s.m.m.a.RequestMappingHandlerMapping : Mapped "{[/api/booking/getBook/],methods=[GET]}" onto public org.springframework.http.ResponseEntity<com.hamsuhi.entity.Booking> com.hamsuhi.controller.BookingController.getByName(java.lang.String)
2018-03-19 00:10:43.401  INFO 12352 --- [main] s.w.s.m.m.a.RequestMappingHandlerMapping : Mapped "{[/api/booking/{id}],methods=[GET]}" onto public org.springframework.http.ResponseEntity<com.hamsuhi.entity.Booking> com.hamsuhi.controller.BookingController.getById(int)
2018-03-19 00:10:43.402  INFO 12352 --- [main] s.w.s.m.m.a.RequestMappingHandlerMapping : Mapped "{[/api/booking/{id}],methods=[DELETE]}" onto public org.springframework.http.ResponseEntity<?> com.hamsuhi.controller.BookingController.deleteBooking(int)
2018-03-19 00:10:43.402  INFO 12352 --- [main] s.w.s.m.m.a.RequestMappingHandlerMapping : Mapped "{[/api/booking/],methods=[POST]}" onto public org.springframework.http.ResponseEntity<java.lang.Void> com.hamsuhi.controller.BookingController.addBooking(com.hamsuhi.entity.Booking,org.springframework.web.util.UriComponentsBuilder)
2018-03-19 00:10:43.402  INFO 12352 --- [main] s.w.s.m.m.a.RequestMappingHandlerMapping : Mapped "{[/api/booking/],methods=[GET]}" onto public org.springframework.http.ResponseEntity<java.util.List<com.hamsuhi.entity.Booking>> com.hamsuhi.controller.BookingController.getAllBooking()
2018-03-19 00:10:43.403  INFO 12352 --- [main] s.w.s.m.m.a.RequestMappingHandlerMapping : Mapped "{[/api/booking/{id}],methods=[PUT]}" onto public org.springframework.http.ResponseEntity<?> com.hamsuhi.controller.BookingController.updateBooking(int,com.hamsuhi.entity.Booking)
2018-03-19 00:10:43.404  INFO 12352 --- [main] s.w.s.m.m.a.RequestMappingHandlerMapping : Mapped "{[/api/reader/getName/],methods=[GET]}" onto public org.springframework.http.ResponseEntity<?> com.hamsuhi.controller.ReaderControler.getByName(java.lang.String)
2018-03-19 00:10:43.405  INFO 12352 --- [main] s.w.s.m.m.a.RequestMappingHandlerMapping : Mapped "{[/api/reader/],methods=[GET]}" onto public org.springframework.http.ResponseEntity<java.util.List<com.hamsuhi.entity.Reader>> com.hamsuhi.controller.ReaderControler.getAll()
2018-03-19 00:10:43.405  INFO 12352 --- [main] s.w.s.m.m.a.RequestMappingHandlerMapping : Mapped "{[/api/reader/{id}],methods=[GET]}" onto public org.springframework.http.ResponseEntity<?> com.hamsuhi.controller.ReaderControler.getById(int)
2018-03-19 00:10:43.405  INFO 12352 --- [main] s.w.s.m.m.a.RequestMappingHandlerMapping : Mapped "{[/api/reader/{id}],methods=[DELETE]}" onto public org.springframework.http.ResponseEntity<?> com.hamsuhi.controller.ReaderControler.deleteReader(int)
2018-03-19 00:10:43.406  INFO 12352 --- [main] s.w.s.m.m.a.RequestMappingHandlerMapping : Mapped "{[/api/reader/{id}],methods=[PUT]}" onto public org.springframework.http.ResponseEntity<?> com.hamsuhi.controller.ReaderControler.updateReader(int,com.hamsuhi.entity.Reader)
2018-03-19 00:10:43.406  INFO 12352 --- [main] s.w.s.m.m.a.RequestMappingHandlerMapping : Mapped "{[/api/reader/],methods=[POST]}" onto public org.springframework.http.ResponseEntity<?> com.hamsuhi.controller.ReaderControler.addReader(com.hamsuhi.entity.Reader,org.springframework.web.util.UriComponentsBuilder)
2018-03-19 00:10:43.410  INFO 12352 --- [main] s.w.s.m.m.a.RequestMappingHandlerMapping : Mapped "{[/error]}" onto public org.springframework.http.ResponseEntity<java.util.Map<java.lang.String, java.lang.Object>> org.springframework.boot.autoconfigure.web.servlet.error.BasicErrorController.error(javax.servlet.http.HttpServletRequest)
2018-03-19 00:10:43.411  INFO 12352 --- [main] s.w.s.m.m.a.RequestMappingHandlerMapping : Mapped "{[/error],produces=[text/html]}" onto public org.springframework.web.servlet.ModelAndView org.springframework.boot.autoconfigure.web.servlet.error.BasicErrorController.errorHtml(javax.servlet.http.HttpServletRequest,javax.servlet.http.HttpServletResponse)
2018-03-19 00:10:43.453  INFO 12352 --- [main] o.s.w.s.handler.SimpleUrlHandlerMapping  : Mapped URL path [/webjars/**] onto handler of type [class org.springframework.web.servlet.resource.ResourceHttpRequestHandler]
2018-03-19 00:10:43.453  INFO 12352 --- [main] o.s.w.s.handler.SimpleUrlHandlerMapping  : Mapped URL path [/**] onto handler of type [class org.springframework.web.servlet.resource.ResourceHttpRequestHandler]
2018-03-19 00:10:43.500  INFO 12352 --- [main] o.s.w.s.handler.SimpleUrlHandlerMapping  : Mapped URL path [/**/favicon.ico] onto handler of type [class org.springframework.web.servlet.resource.ResourceHttpRequestHandler]
2018-03-19 00:10:43.610  INFO 12352 --- [main] o.s.b.a.w.s.WelcomePageHandlerMapping    : Adding welcome page template: index
2018-03-19 00:10:43.894  INFO 12352 --- [main] o.s.j.e.a.AnnotationMBeanExporter        : Registering beans for JMX exposure on startup
2018-03-19 00:10:43.895  INFO 12352 --- [main] o.s.j.e.a.AnnotationMBeanExporter        : Bean with name 'dataSource' has been autodetected for JMX exposure
2018-03-19 00:10:43.900  INFO 12352 --- [main] o.s.j.e.a.AnnotationMBeanExporter        : Located MBean 'dataSource': registering with JMX server as MBean [com.zaxxer.hikari:name=dataSource,type=HikariDataSource]
2018-03-19 00:10:44.143  INFO 12352 --- [main] o.s.b.w.embedded.tomcat.TomcatWebServer  : Tomcat started on port(s): 8083 (http) with context path ''
2018-03-19 00:10:44.145  INFO 12352 --- [main] rviceManagerBookingDbLineDropApplication : Started WebserviceManagerBookingDbLineDropApplication in 6.481 seconds (JVM running for 7.397)
2018-03-19 00:10:51.652  INFO 12352 --- [http-nio-8083-exec-1] o.a.c.c.C.[Tomcat].[localhost].[/]       : Initializing Spring FrameworkServlet 'dispatcherServlet'
2018-03-19 00:10:51.653  INFO 12352 --- [http-nio-8083-exec-1] o.s.web.servlet.DispatcherServlet        : FrameworkServlet 'dispatcherServlet': initialization started
2018-03-19 00:10:51.684  INFO 12352 --- [http-nio-8083-exec-1] o.s.web.servlet.DispatcherServlet        : FrameworkServlet 'dispatcherServlet': initialization completed in 31 ms
2018-03-19 00:41:29.955  INFO 12352 --- [RMI TCP Connection(2)-127.0.0.1] inMXBeanRegistrar$SpringApplicationAdmin : Application shutdown requested.
2018-03-19 00:41:29.994  INFO 12352 --- [RMI TCP Connection(2)-127.0.0.1] ConfigServletWebServerApplicationContext : Closing org.springframework.boot.web.servlet.context.AnnotationConfigServletWebServerApplicationContext@1918c79: startup date [Mon Mar 19 00:10:38 ICT 2018]; root of context hierarchy
2018-03-19 00:41:30.015  INFO 12352 --- [RMI TCP Connection(2)-127.0.0.1] o.s.j.e.a.AnnotationMBeanExporter        : Unregistering JMX-exposed beans on shutdown
2018-03-19 00:41:30.034  INFO 12352 --- [RMI TCP Connection(2)-127.0.0.1] o.s.j.e.a.AnnotationMBeanExporter        : Unregistering JMX-exposed beans
2018-03-19 00:41:30.037  INFO 12352 --- [RMI TCP Connection(2)-127.0.0.1] j.LocalContainerEntityManagerFactoryBean : Closing JPA EntityManagerFactory for persistence unit 'default'
2018-03-19 00:41:30.056  INFO 12352 --- [RMI TCP Connection(2)-127.0.0.1] com.zaxxer.hikari.HikariDataSource       : HikariPool-1 - Shutdown initiated...
2018-03-19 00:41:30.067  INFO 12352 --- [RMI TCP Connection(2)-127.0.0.1] com.zaxxer.hikari.HikariDataSource       : HikariPool-1 - Shutdown completed.
2018-03-19 00:42:09.154  INFO 15600 --- [main] rviceManagerBookingDbLineDropApplication : Starting WebserviceManagerBookingDbLineDropApplication on Hamsuhi with PID 15600 (E:\workspace_eclipse\WebserviceManagerBookingDBLineDrop\WebserviceManagerBookingDBLineDrop\bin\main started by admin in E:\workspace_eclipse\WebserviceManagerBookingDBLineDrop\WebserviceManagerBookingDBLineDrop)
2018-03-19 00:42:09.190  INFO 15600 --- [main] rviceManagerBookingDbLineDropApplication : No active profile set, falling back to default profiles: default
2018-03-19 00:42:09.462  INFO 15600 --- [main] ConfigServletWebServerApplicationContext : Refreshing org.springframework.boot.web.servlet.context.AnnotationConfigServletWebServerApplicationContext@b19b79: startup date [Mon Mar 19 00:42:09 ICT 2018]; root of context hierarchy
2018-03-19 00:42:13.591  INFO 15600 --- [main] trationDelegate$BeanPostProcessorChecker : Bean 'org.springframework.transaction.annotation.ProxyTransactionManagementConfiguration' of type [org.springframework.transaction.annotation.ProxyTransactionManagementConfiguration$$EnhancerBySpringCGLIB$$7daa4fd] is not eligible for getting processed by all BeanPostProcessors (for example: not eligible for auto-proxying)
2018-03-19 00:42:14.743  INFO 15600 --- [main] o.s.b.w.embedded.tomcat.TomcatWebServer  : Tomcat initialized with port(s): 8083 (http)
2018-03-19 00:42:14.930  INFO 15600 --- [main] o.apache.catalina.core.StandardService   : Starting service [Tomcat]
2018-03-19 00:42:14.931  INFO 15600 --- [main] org.apache.catalina.core.StandardEngine  : Starting Servlet Engine: Apache Tomcat/8.5.28
2018-03-19 00:42:15.014  INFO 15600 --- [localhost-startStop-1] o.a.catalina.core.AprLifecycleListener   : The APR based Apache Tomcat Native library which allows optimal performance in production environments was not found on the java.library.path: [D:\Bo cai sau win\eclipse\eclipse\eclipse\jre\bin;C:\WINDOWS\Sun\Java\bin;C:\WINDOWS\system32;C:\WINDOWS;D:/Bo cai sau win/eclipse/eclipse/eclipse/jre/bin/client;D:/Bo cai sau win/eclipse/eclipse/eclipse/jre/bin;D:/Bo cai sau win/eclipse/eclipse/eclipse/jre/lib/i386;C:\ProgramData\Oracle\Java\javapath;C:\Program Files\Java\jdk-9.0.4\bin;C:\Program Files (x86)\gradle\gradle_3.5\bin;C:\WINDOWS\system32;C:\WINDOWS;C:\WINDOWS\System32\Wbem;C:\WINDOWS\System32\WindowsPowerShell\v1.0\;C:\Program Files\Git\cmd;C:\Program Files\MySQL\MySQL Utilities 1.6\;C:\Program Files\nodejs\;C:\Program Files\Microsoft VS Code\bin;C:\Users\admin\AppData\Local\Microsoft\WindowsApps;C:\Users\admin\AppData\Roaming\npm;D:\Bo cai sau win\eclipse\eclipse\eclipse;;.]
2018-03-19 00:42:15.970  INFO 15600 --- [localhost-startStop-1] org.apache.jasper.servlet.TldScanner     : At least one JAR was scanned for TLDs yet contained no TLDs. Enable debug logging for this logger for a complete list of JARs that were scanned but no TLDs were found in them. Skipping unneeded JARs during scanning can improve startup time and JSP compilation time.
2018-03-19 00:42:15.995  INFO 15600 --- [localhost-startStop-1] o.a.c.c.C.[Tomcat].[localhost].[/]       : Initializing Spring embedded WebApplicationContext
2018-03-19 00:42:16.022  INFO 15600 --- [localhost-startStop-1] o.s.web.context.ContextLoader            : Root WebApplicationContext: initialization completed in 6560 ms
2018-03-19 00:42:16.253  INFO 15600 --- [localhost-startStop-1] o.s.b.w.servlet.ServletRegistrationBean  : Servlet dispatcherServlet mapped to [/]
2018-03-19 00:42:16.312  INFO 15600 --- [localhost-startStop-1] o.s.b.w.servlet.FilterRegistrationBean   : Mapping filter: 'characterEncodingFilter' to: [/*]
2018-03-19 00:42:16.312  INFO 15600 --- [localhost-startStop-1] o.s.b.w.servlet.FilterRegistrationBean   : Mapping filter: 'hiddenHttpMethodFilter' to: [/*]
2018-03-19 00:42:16.313  INFO 15600 --- [localhost-startStop-1] o.s.b.w.servlet.FilterRegistrationBean   : Mapping filter: 'httpPutFormContentFilter' to: [/*]
2018-03-19 00:42:16.314  INFO 15600 --- [localhost-startStop-1] o.s.b.w.servlet.FilterRegistrationBean   : Mapping filter: 'requestContextFilter' to: [/*]
2018-03-19 00:42:18.265  INFO 15600 --- [main] com.zaxxer.hikari.HikariDataSource       : HikariPool-1 - Starting...
2018-03-19 00:42:18.926  INFO 15600 --- [main] com.zaxxer.hikari.HikariDataSource       : HikariPool-1 - Start completed.
2018-03-19 00:42:19.094  INFO 15600 --- [main] j.LocalContainerEntityManagerFactoryBean : Building JPA container EntityManagerFactory for persistence unit 'default'
2018-03-19 00:42:19.187  INFO 15600 --- [main] o.hibernate.jpa.internal.util.LogHelper  : HHH000204: Processing PersistenceUnitInfo [
	name: default
	...]
2018-03-19 00:42:19.933  INFO 15600 --- [main] org.hibernate.Version                    : HHH000412: Hibernate Core {5.2.14.Final}
2018-03-19 00:42:19.936  INFO 15600 --- [main] org.hibernate.cfg.Environment            : HHH000206: hibernate.properties not found
2018-03-19 00:42:20.826  INFO 15600 --- [main] o.hibernate.annotations.common.Version   : HCANN000001: Hibernate Commons Annotations {5.0.1.Final}
2018-03-19 00:42:21.651  INFO 15600 --- [main] org.hibernate.dialect.Dialect            : HHH000400: Using dialect: org.hibernate.dialect.MySQL5Dialect
2018-03-19 00:42:45.174  INFO 15600 --- [main] o.h.h.i.QueryTranslatorFactoryInitiator  : HHH000397: Using ASTQueryTranslatorFactory
2018-03-19 00:42:45.704  INFO 15600 --- [main] j.LocalContainerEntityManagerFactoryBean : Initialized JPA EntityManagerFactory for persistence unit 'default'
2018-03-19 00:42:48.697  INFO 15600 --- [main] s.w.s.m.m.a.RequestMappingHandlerAdapter : Looking for @ControllerAdvice: org.springframework.boot.web.servlet.context.AnnotationConfigServletWebServerApplicationContext@b19b79: startup date [Mon Mar 19 00:42:09 ICT 2018]; root of context hierarchy
2018-03-19 00:42:48.852  WARN 15600 --- [main] aWebConfiguration$JpaWebMvcConfiguration : spring.jpa.open-in-view is enabled by default. Therefore, database queries may be performed during view rendering. Explicitly configure spring.jpa.open-in-view to disable this warning
2018-03-19 00:42:49.085  INFO 15600 --- [main] s.w.s.m.m.a.RequestMappingHandlerMapping : Mapped "{[/]}" onto public org.springframework.web.servlet.ModelAndView com.hamsuhi.controller.AppController.allTemplate(org.springframework.web.servlet.ModelAndView)
2018-03-19 00:42:49.088  INFO 15600 --- [main] s.w.s.m.m.a.RequestMappingHandlerMapping : Mapped "{[/partials/{page}]}" onto public java.lang.String com.hamsuhi.controller.AppController.partialHandler(java.lang.String)
2018-03-19 00:42:49.098  INFO 15600 --- [main] s.w.s.m.m.a.RequestMappingHandlerMapping : Mapped "{[/api/bookBorrowing/],methods=[GET]}" onto public org.springframework.http.ResponseEntity<java.util.List<com.hamsuhi.entity.Bookborrowing>> com.hamsuhi.controller.BookBorrowingController.getAll()
2018-03-19 00:42:49.102  INFO 15600 --- [main] s.w.s.m.m.a.RequestMappingHandlerMapping : Mapped "{[/api/bookBorrowing/],methods=[POST]}" onto public org.springframework.http.ResponseEntity<java.lang.Void> com.hamsuhi.controller.BookBorrowingController.addBookBorrowing(com.hamsuhi.entity.Bookborrowing,org.springframework.web.util.UriComponentsBuilder)
2018-03-19 00:42:49.125  INFO 15600 --- [main] s.w.s.m.m.a.RequestMappingHandlerMapping : Mapped "{[/api/bookBorrowing/{id}],methods=[DELETE]}" onto public org.springframework.http.ResponseEntity<?> com.hamsuhi.controller.BookBorrowingController.deleteBookBorrowing(int)
2018-03-19 00:42:49.125  INFO 15600 --- [main] s.w.s.m.m.a.RequestMappingHandlerMapping : Mapped "{[/api/bookBorrowing/{id}],methods=[PUT]}" onto public org.springframework.http.ResponseEntity<?> com.hamsuhi.controller.BookBorrowingController.updateBookBorrowing(int,com.hamsuhi.entity.Bookborrowing)
2018-03-19 00:42:49.126  INFO 15600 --- [main] s.w.s.m.m.a.RequestMappingHandlerMapping : Mapped "{[/api/bookBorrowing/{id}],methods=[GET]}" onto public org.springframework.http.ResponseEntity<?> com.hamsuhi.controller.BookBorrowingController.getById(int)
2018-03-19 00:42:49.130  INFO 15600 --- [main] s.w.s.m.m.a.RequestMappingHandlerMapping : Mapped "{[/api/booking/getBook/],methods=[GET]}" onto public org.springframework.http.ResponseEntity<com.hamsuhi.entity.Booking> com.hamsuhi.controller.BookingController.getByName(java.lang.String)
2018-03-19 00:42:49.132  INFO 15600 --- [main] s.w.s.m.m.a.RequestMappingHandlerMapping : Mapped "{[/api/booking/{id}],methods=[PUT]}" onto public org.springframework.http.ResponseEntity<?> com.hamsuhi.controller.BookingController.updateBooking(int,com.hamsuhi.entity.Booking)
2018-03-19 00:42:49.133  INFO 15600 --- [main] s.w.s.m.m.a.RequestMappingHandlerMapping : Mapped "{[/api/booking/{id}],methods=[DELETE]}" onto public org.springframework.http.ResponseEntity<?> com.hamsuhi.controller.BookingController.deleteBooking(int)
2018-03-19 00:42:49.134  INFO 15600 --- [main] s.w.s.m.m.a.RequestMappingHandlerMapping : Mapped "{[/api/booking/],methods=[POST]}" onto public org.springframework.http.ResponseEntity<java.lang.Void> com.hamsuhi.controller.BookingController.addBooking(com.hamsuhi.entity.Booking,org.springframework.web.util.UriComponentsBuilder)
2018-03-19 00:42:49.135  INFO 15600 --- [main] s.w.s.m.m.a.RequestMappingHandlerMapping : Mapped "{[/api/booking/],methods=[GET]}" onto public org.springframework.http.ResponseEntity<java.util.List<com.hamsuhi.entity.Booking>> com.hamsuhi.controller.BookingController.getAllBooking()
2018-03-19 00:42:49.136  INFO 15600 --- [main] s.w.s.m.m.a.RequestMappingHandlerMapping : Mapped "{[/api/booking/{id}],methods=[GET]}" onto public org.springframework.http.ResponseEntity<com.hamsuhi.entity.Booking> com.hamsuhi.controller.BookingController.getById(int)
2018-03-19 00:42:49.150  INFO 15600 --- [main] s.w.s.m.m.a.RequestMappingHandlerMapping : Mapped "{[/api/reader/getName/],methods=[GET]}" onto public org.springframework.http.ResponseEntity<?> com.hamsuhi.controller.ReaderControler.getByName(java.lang.String)
2018-03-19 00:42:49.152  INFO 15600 --- [main] s.w.s.m.m.a.RequestMappingHandlerMapping : Mapped "{[/api/reader/],methods=[GET]}" onto public org.springframework.http.ResponseEntity<java.util.List<com.hamsuhi.entity.Reader>> com.hamsuhi.controller.ReaderControler.getAll()
2018-03-19 00:42:49.153  INFO 15600 --- [main] s.w.s.m.m.a.RequestMappingHandlerMapping : Mapped "{[/api/reader/{id}],methods=[DELETE]}" onto public org.springframework.http.ResponseEntity<?> com.hamsuhi.controller.ReaderControler.deleteReader(int)
2018-03-19 00:42:49.154  INFO 15600 --- [main] s.w.s.m.m.a.RequestMappingHandlerMapping : Mapped "{[/api/reader/],methods=[POST]}" onto public org.springframework.http.ResponseEntity<?> com.hamsuhi.controller.ReaderControler.addReader(com.hamsuhi.entity.Reader,org.springframework.web.util.UriComponentsBuilder)
2018-03-19 00:42:49.158  INFO 15600 --- [main] s.w.s.m.m.a.RequestMappingHandlerMapping : Mapped "{[/api/reader/{id}],methods=[PUT]}" onto public org.springframework.http.ResponseEntity<?> com.hamsuhi.controller.ReaderControler.updateReader(int,com.hamsuhi.entity.Reader)
2018-03-19 00:42:49.159  INFO 15600 --- [main] s.w.s.m.m.a.RequestMappingHandlerMapping : Mapped "{[/api/reader/{id}],methods=[GET]}" onto public org.springframework.http.ResponseEntity<?> com.hamsuhi.controller.ReaderControler.getById(int)
2018-03-19 00:42:49.165  INFO 15600 --- [main] s.w.s.m.m.a.RequestMappingHandlerMapping : Mapped "{[/error]}" onto public org.springframework.http.ResponseEntity<java.util.Map<java.lang.String, java.lang.Object>> org.springframework.boot.autoconfigure.web.servlet.error.BasicErrorController.error(javax.servlet.http.HttpServletRequest)
2018-03-19 00:42:49.182  INFO 15600 --- [main] s.w.s.m.m.a.RequestMappingHandlerMapping : Mapped "{[/error],produces=[text/html]}" onto public org.springframework.web.servlet.ModelAndView org.springframework.boot.autoconfigure.web.servlet.error.BasicErrorController.errorHtml(javax.servlet.http.HttpServletRequest,javax.servlet.http.HttpServletResponse)
2018-03-19 00:42:49.226  INFO 15600 --- [main] o.s.w.s.handler.SimpleUrlHandlerMapping  : Mapped URL path [/webjars/**] onto handler of type [class org.springframework.web.servlet.resource.ResourceHttpRequestHandler]
2018-03-19 00:42:49.231  INFO 15600 --- [main] o.s.w.s.handler.SimpleUrlHandlerMapping  : Mapped URL path [/**] onto handler of type [class org.springframework.web.servlet.resource.ResourceHttpRequestHandler]
2018-03-19 00:42:49.293  INFO 15600 --- [main] o.s.w.s.handler.SimpleUrlHandlerMapping  : Mapped URL path [/**/favicon.ico] onto handler of type [class org.springframework.web.servlet.resource.ResourceHttpRequestHandler]
2018-03-19 00:42:49.361  INFO 15600 --- [main] o.s.b.a.w.s.WelcomePageHandlerMapping    : Adding welcome page template: index
2018-03-19 00:42:49.702  INFO 15600 --- [main] o.s.j.e.a.AnnotationMBeanExporter        : Registering beans for JMX exposure on startup
2018-03-19 00:42:49.832  INFO 15600 --- [main] o.s.j.e.a.AnnotationMBeanExporter        : Bean with name 'dataSource' has been autodetected for JMX exposure
2018-03-19 00:42:49.859  INFO 15600 --- [main] o.s.j.e.a.AnnotationMBeanExporter        : Located MBean 'dataSource': registering with JMX server as MBean [com.zaxxer.hikari:name=dataSource,type=HikariDataSource]
2018-03-19 00:42:50.256  INFO 15600 --- [main] o.s.b.w.embedded.tomcat.TomcatWebServer  : Tomcat started on port(s): 8083 (http) with context path ''
2018-03-19 00:42:50.260  INFO 15600 --- [main] rviceManagerBookingDbLineDropApplication : Started WebserviceManagerBookingDbLineDropApplication in 43.844 seconds (JVM running for 76.361)
2018-03-19 00:43:05.240  INFO 15600 --- [http-nio-8083-exec-1] o.a.c.c.C.[Tomcat].[localhost].[/]       : Initializing Spring FrameworkServlet 'dispatcherServlet'
2018-03-19 00:43:05.245  INFO 15600 --- [http-nio-8083-exec-1] o.s.web.servlet.DispatcherServlet        : FrameworkServlet 'dispatcherServlet': initialization started
2018-03-19 00:43:05.270  INFO 15600 --- [http-nio-8083-exec-1] o.s.web.servlet.DispatcherServlet        : FrameworkServlet 'dispatcherServlet': initialization completed in 24 ms
2018-03-19 00:46:22.261  INFO 15600 --- [RMI TCP Connection(2)-127.0.0.1] inMXBeanRegistrar$SpringApplicationAdmin : Application shutdown requested.
2018-03-19 00:46:22.317  INFO 15600 --- [RMI TCP Connection(2)-127.0.0.1] ConfigServletWebServerApplicationContext : Closing org.springframework.boot.web.servlet.context.AnnotationConfigServletWebServerApplicationContext@b19b79: startup date [Mon Mar 19 00:42:09 ICT 2018]; root of context hierarchy
2018-03-19 00:46:22.321  INFO 15600 --- [RMI TCP Connection(2)-127.0.0.1] o.s.j.e.a.AnnotationMBeanExporter        : Unregistering JMX-exposed beans on shutdown
2018-03-19 00:46:22.323  INFO 15600 --- [RMI TCP Connection(2)-127.0.0.1] o.s.j.e.a.AnnotationMBeanExporter        : Unregistering JMX-exposed beans
2018-03-19 00:46:22.325  INFO 15600 --- [RMI TCP Connection(2)-127.0.0.1] j.LocalContainerEntityManagerFactoryBean : Closing JPA EntityManagerFactory for persistence unit 'default'
2018-03-19 00:46:22.327  INFO 15600 --- [RMI TCP Connection(2)-127.0.0.1] com.zaxxer.hikari.HikariDataSource       : HikariPool-1 - Shutdown initiated...
2018-03-19 00:46:22.334  INFO 15600 --- [RMI TCP Connection(2)-127.0.0.1] com.zaxxer.hikari.HikariDataSource       : HikariPool-1 - Shutdown completed.
