2018-03-01 19:35:43.538  INFO 7568 --- [main] c.e.CarHireSpringBootJpaApplication      : Starting CarHireSpringBootJpaApplication on Hamsuhi with PID 7568 (E:\Workspace\HireCarJpaWebservice\bin started by admin in E:\Workspace\HireCarJpaWebservice)
2018-03-01 19:35:43.540  INFO 7568 --- [main] c.e.CarHireSpringBootJpaApplication      : No active profile set, falling back to default profiles: default
2018-03-01 19:35:44.370  INFO 7568 --- [main] ationConfigEmbeddedWebApplicationContext : Refreshing org.springframework.boot.context.embedded.AnnotationConfigEmbeddedWebApplicationContext@107227e: startup date [Thu Mar 01 19:35:44 ICT 2018]; root of context hierarchy
2018-03-01 19:35:46.034  INFO 7568 --- [main] trationDelegate$BeanPostProcessorChecker : Bean 'org.springframework.transaction.annotation.ProxyTransactionManagementConfiguration' of type [org.springframework.transaction.annotation.ProxyTransactionManagementConfiguration$$EnhancerBySpringCGLIB$$de142d9] is not eligible for getting processed by all BeanPostProcessors (for example: not eligible for auto-proxying)
2018-03-01 19:35:46.606  INFO 7568 --- [main] s.b.c.e.t.TomcatEmbeddedServletContainer : Tomcat initialized with port(s): 8080 (http)
2018-03-01 19:35:46.615  INFO 7568 --- [main] o.apache.catalina.core.StandardService   : Starting service [Tomcat]
2018-03-01 19:35:46.616  INFO 7568 --- [main] org.apache.catalina.core.StandardEngine  : Starting Servlet Engine: Apache Tomcat/8.5.27
2018-03-01 19:35:46.737  INFO 7568 --- [localhost-startStop-1] o.a.c.c.C.[Tomcat].[localhost].[/]       : Initializing Spring embedded WebApplicationContext
2018-03-01 19:35:46.737  INFO 7568 --- [localhost-startStop-1] o.s.web.context.ContextLoader            : Root WebApplicationContext: initialization completed in 2369 ms
2018-03-01 19:35:46.875  INFO 7568 --- [localhost-startStop-1] o.s.b.w.servlet.ServletRegistrationBean  : Mapping servlet: 'dispatcherServlet' to [/]
2018-03-01 19:35:46.878  INFO 7568 --- [localhost-startStop-1] o.s.b.w.servlet.FilterRegistrationBean   : Mapping filter: 'characterEncodingFilter' to: [/*]
2018-03-01 19:35:46.879  INFO 7568 --- [localhost-startStop-1] o.s.b.w.servlet.FilterRegistrationBean   : Mapping filter: 'hiddenHttpMethodFilter' to: [/*]
2018-03-01 19:35:46.879  INFO 7568 --- [localhost-startStop-1] o.s.b.w.servlet.FilterRegistrationBean   : Mapping filter: 'httpPutFormContentFilter' to: [/*]
2018-03-01 19:35:46.879  INFO 7568 --- [localhost-startStop-1] o.s.b.w.servlet.FilterRegistrationBean   : Mapping filter: 'requestContextFilter' to: [/*]
2018-03-01 19:35:47.445  INFO 7568 --- [main] j.LocalContainerEntityManagerFactoryBean : Building JPA container EntityManagerFactory for persistence unit 'default'
2018-03-01 19:35:47.457  INFO 7568 --- [main] o.hibernate.jpa.internal.util.LogHelper  : HHH000204: Processing PersistenceUnitInfo [
	name: default
	...]
2018-03-01 19:35:47.512  INFO 7568 --- [main] org.hibernate.Version                    : HHH000412: Hibernate Core {5.0.12.Final}
2018-03-01 19:35:47.514  INFO 7568 --- [main] org.hibernate.cfg.Environment            : HHH000206: hibernate.properties not found
2018-03-01 19:35:47.515  INFO 7568 --- [main] org.hibernate.cfg.Environment            : HHH000021: Bytecode provider name : javassist
2018-03-01 19:35:47.560  INFO 7568 --- [main] o.hibernate.annotations.common.Version   : HCANN000001: Hibernate Commons Annotations {5.0.1.Final}
2018-03-01 19:35:47.649  INFO 7568 --- [main] org.hibernate.dialect.Dialect            : HHH000400: Using dialect: org.hibernate.dialect.MySQL5Dialect
2018-03-01 19:35:48.513  INFO 7568 --- [main] org.hibernate.tool.hbm2ddl.SchemaExport  : HHH000227: Running hbm2ddl schema export
2018-03-01 19:36:06.519  INFO 7568 --- [main] org.hibernate.tool.hbm2ddl.SchemaExport  : HHH000230: Schema export complete
2018-03-01 19:36:06.621  INFO 7568 --- [main] o.h.h.i.QueryTranslatorFactoryInitiator  : HHH000397: Using ASTQueryTranslatorFactory
2018-03-01 19:36:06.812  INFO 7568 --- [main] j.LocalContainerEntityManagerFactoryBean : Initialized JPA EntityManagerFactory for persistence unit 'default'
2018-03-01 19:36:10.106  INFO 7568 --- [main] s.w.s.m.m.a.RequestMappingHandlerAdapter : Looking for @ControllerAdvice: org.springframework.boot.context.embedded.AnnotationConfigEmbeddedWebApplicationContext@107227e: startup date [Thu Mar 01 19:35:44 ICT 2018]; root of context hierarchy
2018-03-01 19:36:10.169  INFO 7568 --- [main] s.w.s.m.m.a.RequestMappingHandlerMapping : Mapped "{[/error]}" onto public org.springframework.http.ResponseEntity<java.util.Map<java.lang.String, java.lang.Object>> org.springframework.boot.autoconfigure.web.BasicErrorController.error(javax.servlet.http.HttpServletRequest)
2018-03-01 19:36:10.170  INFO 7568 --- [main] s.w.s.m.m.a.RequestMappingHandlerMapping : Mapped "{[/error],produces=[text/html]}" onto public org.springframework.web.servlet.ModelAndView org.springframework.boot.autoconfigure.web.BasicErrorController.errorHtml(javax.servlet.http.HttpServletRequest,javax.servlet.http.HttpServletResponse)
2018-03-01 19:36:10.198  INFO 7568 --- [main] o.s.w.s.handler.SimpleUrlHandlerMapping  : Mapped URL path [/webjars/**] onto handler of type [class org.springframework.web.servlet.resource.ResourceHttpRequestHandler]
2018-03-01 19:36:10.198  INFO 7568 --- [main] o.s.w.s.handler.SimpleUrlHandlerMapping  : Mapped URL path [/**] onto handler of type [class org.springframework.web.servlet.resource.ResourceHttpRequestHandler]
2018-03-01 19:36:10.229  INFO 7568 --- [main] o.s.w.s.handler.SimpleUrlHandlerMapping  : Mapped URL path [/**/favicon.ico] onto handler of type [class org.springframework.web.servlet.resource.ResourceHttpRequestHandler]
2018-03-01 19:36:11.654  INFO 7568 --- [main] o.s.j.e.a.AnnotationMBeanExporter        : Registering beans for JMX exposure on startup
2018-03-01 19:36:12.046  INFO 7568 --- [main] s.b.c.e.t.TomcatEmbeddedServletContainer : Tomcat started on port(s): 8080 (http)
2018-03-01 19:36:12.059  INFO 7568 --- [main] com.example.controller.MyController      : _______________________________1. Lớp Manufacture__________________________________
2018-03-01 19:36:12.770  INFO 7568 --- [main] com.example.service.ManufacturerService  : ******Update nhà sản xuất thành công! com.example.model.Manufacturer@1ed7512
2018-03-01 19:36:12.772  INFO 7568 --- [main] com.example.service.ManufacturerService  : Xóa nhà sản xuất Nga thành công!!!
2018-03-01 19:36:12.773  INFO 7568 --- [main] com.example.service.ManufacturerService  : Manufacture da tim thay: com.example.model.Manufacturer@1cf578f
2018-03-01 19:36:12.773  INFO 7568 --- [main] com.example.service.ManufacturerService  : Khong tim thay Manufacture theo Id.
2018-03-01 19:36:12.773  INFO 7568 --- [main] com.example.controller.MyController      : existManufacturer: no
2018-03-01 19:36:12.773  INFO 7568 --- [main] com.example.controller.MyController      : _______________________________2. Lớp Model_lop cha_____________________________________
2018-03-01 19:36:12.834  INFO 7568 --- [main] com.example.model.Model                  : Model da tim thay: Model [modelCode=1, dailyHireRate=20c/day, modelName=N1, manufacturer=com.example.model.Manufacturer@1cf578f]
2018-03-01 19:36:12.834  INFO 7568 --- [main] com.example.service.ManufacturerService  : Manufacture da tim thay: com.example.model.Manufacturer@1cf578f
2018-03-01 19:36:12.965  INFO 7568 --- [main] com.example.model.Model                  : ****Update MODEL: manuExist thi ghi de -->  Model [modelCode=1, dailyHireRate=N1, modelName=30c/ngay, manufacturer=com.example.model.Manufacturer@1cf578f]
2018-03-01 19:36:13.128 ERROR 7568 --- [main] com.example.model.Model                  : @.@________Delete Model false! Don't model ID. Let you add!!!_______@.@
2018-03-01 19:36:13.130  INFO 7568 --- [main] com.example.model.Model                  : Khong tim thay model theo Id
2018-03-01 19:36:13.130  INFO 7568 --- [main] com.example.controller.MyController      : _______________________________3. Lớp VehicleCategory__________________________________
2018-03-01 19:36:13.140  INFO 7568 --- [main] c.e.service.VehicleCategoryService       : **** Add vehicle category CODE 1 succedd!!!
2018-03-01 19:36:13.147 ERROR 7568 --- [main] c.e.service.VehicleCategoryService       : @.@________Don't update VEHICLE CATEGORY!____@.@
2018-03-01 19:36:13.148 ERROR 7568 --- [main] c.e.service.VehicleCategoryService       : @.@________Delete  Vehicle Category failed
2018-03-01 19:36:13.149  INFO 7568 --- [main] c.e.service.VehicleCategoryService       : Da tim thay vcVehicleCategory [vehicleCategoryCode=1, vehicleCategoryDescription=Xe gia dinh]
2018-03-01 19:36:13.149  INFO 7568 --- [main] c.e.service.VehicleCategoryService       : Khong tim thay Vehicle Category by ID.
2018-03-01 19:36:13.149  INFO 7568 --- [main] com.example.controller.MyController      : _______________________________4. Lớp Vehicle_Lop cha__________________________________
2018-03-01 19:36:13.193  INFO 7568 --- [main] com.example.service.VehicleService       : **** Add a Vehicle have name is succedd
2018-03-01 19:36:13.577  INFO 7568 --- [main] com.example.service.VehicleService       : @.@_________Don't update vehicle!!!!!________@.@
2018-03-01 19:36:13.578  INFO 7568 --- [main] com.example.service.VehicleService       : @.@___________Failed delete Vehicle_______@.@
2018-03-01 19:36:13.579  INFO 7568 --- [main] com.example.service.VehicleService       : Da tim thay Vehicle By Id: com.example.model.Vehicle@1452aea
2018-03-01 19:36:13.579  INFO 7568 --- [main] com.example.controller.MyController      : _______________________________5. Lớp Customer__________________________________
2018-03-01 19:36:13.609  INFO 7568 --- [main] com.example.service.CustomerService      : Don't add because Custromer is existed: Truc
2018-03-01 19:36:13.609  INFO 7568 --- [main] com.example.service.CustomerService      : ****Add Customer succedd! Custromer [customerId=1, addressLine1=Da Nang, addressLine2=Yen Bai, addressLine3=Lao Cai, country=Viet Nam, county=vn, customerDetails=Khach hang tiem nang, customerName=Truc, emailAddress=truc@gmail.com, gender=Nam, phoneNumber=029377232, town=Dong Da
2018-03-01 19:36:13.614  INFO 7568 --- [main] com.example.service.CustomerService      : ****Update customer scceed!!! Custromer [customerId=1, addressLine1=Ha noi, addressLine2=a, addressLine3=aa, country=sa, county=asa, customerDetails=Viet Nam, customerName=Huong, emailAddress=nguyenhuong@gmail.com, gender=Nu, phoneNumber=013143743, town=Cau Giay
2018-03-01 19:36:13.616 ERROR 7568 --- [main] com.example.service.CustomerService      : @.@_________Delete customer failed!_______@.@
2018-03-01 19:36:13.617  INFO 7568 --- [main] com.example.service.CustomerService      : Da tim thay customer by id:Custromer [customerId=1, addressLine1=Ha noi, addressLine2=a, addressLine3=aa, country=sa, county=asa, customerDetails=Viet Nam, customerName=Huong, emailAddress=nguyenhuong@gmail.com, gender=Nu, phoneNumber=013143743, town=Cau Giay
2018-03-01 19:36:13.617 ERROR 7568 --- [main] com.example.service.CustomerService      : Khong tim thay customer by Id
2018-03-01 19:36:13.617  INFO 7568 --- [main] com.example.controller.MyController      : ___________________________6. Lớp Booking Status__________________________
2018-03-01 19:36:13.625  INFO 7568 --- [main] c.example.service.BookingStatusService   : Don't add because BookingStatus is existed: Khach hang dat lich som nhat trong thang: 03/01/1018
2018-03-01 19:36:13.628  INFO 7568 --- [main] c.example.service.BookingStatusService   : Don't add because BookingStatus is existed: Khach hang vip trong thang: Bach Ma
2018-03-01 19:36:13.751  INFO 7568 --- [main] c.example.service.BookingStatusService   : ****UPDATE Booking Status succed!BookingStatus [bookingStatusCode=1, bookingStatusDescription=Dat lich ngay 02/03/2018]
2018-03-01 19:36:13.754 ERROR 7568 --- [main] c.example.service.BookingStatusService   : @.@____________Don't delete Booking Status!______@.@
2018-03-01 19:36:13.754  INFO 7568 --- [main] c.example.service.BookingStatusService   : Da tim thay Booking Status By IdBookingStatus [bookingStatusCode=1, bookingStatusDescription=Dat lich ngay 02/03/2018]
2018-03-01 19:36:13.754  INFO 7568 --- [main] com.example.controller.MyController      : ___________________________7. Lớp Booking_Lop cha__________________________
2018-03-01 19:36:13.769  INFO 7568 --- [main] com.example.service.BookingService       : Ko them book: Yes
2018-03-01 19:36:13.769  INFO 7568 --- [main] com.example.service.BookingService       : Thêm book thành công: Booking [bookingId=1, confirmationLetterSentYn=Yes, dateFrom=Sat Aug 11 00:00:00 ICT 2018, dateTo=Sat May 11 00:00:00 ICT 2019, paymentRecievedYn=2016, bookingStatus=null, custromer=null, vehicle=null]
2018-03-01 19:36:13.781  INFO 7568 --- [main] com.example.service.BookingService       : *****Update book succedd!!! Booking [bookingId=1, confirmationLetterSentYn=NOooo, dateFrom=Fri Aug 02 00:00:00 ICT 2019, dateTo=Sat May 02 00:00:00 ICT 2020, paymentRecievedYn=2019, bookingStatus=BookingStatus [bookingStatusCode=1, bookingStatusDescription=Dat lich ngay 02/03/2018], custromer=Custromer [customerId=1, addressLine1=Ha noi, addressLine2=a, addressLine3=aa, country=sa, county=asa, customerDetails=Viet Nam, customerName=Huong, emailAddress=nguyenhuong@gmail.com, gender=Nu, phoneNumber=013143743, town=Cau Giay, vehicle=com.example.model.Vehicle@1452aea]
2018-03-01 19:36:13.782  INFO 7568 --- [main] com.example.service.BookingService       : Xóa thành công! 
2018-03-01 19:36:13.783  INFO 7568 --- [main] com.example.service.BookingService       : Khong tim thay booking by id
2018-03-01 19:36:13.919  INFO 7568 --- [main] c.e.CarHireSpringBootJpaApplication      : Started CarHireSpringBootJpaApplication in 30.74 seconds (JVM running for 31.619)
2018-03-01 21:44:02.614  INFO 10692 --- [main] c.e.CarHireSpringBootJpaApplication      : Starting CarHireSpringBootJpaApplication on Hamsuhi with PID 10692 (E:\Workspace\HireCarJpaWebservice\bin started by admin in E:\Workspace\HireCarJpaWebservice)
2018-03-01 21:44:02.617  INFO 10692 --- [main] c.e.CarHireSpringBootJpaApplication      : No active profile set, falling back to default profiles: default
2018-03-01 21:44:03.701  INFO 10692 --- [main] ationConfigEmbeddedWebApplicationContext : Refreshing org.springframework.boot.context.embedded.AnnotationConfigEmbeddedWebApplicationContext@107227e: startup date [Thu Mar 01 21:44:03 ICT 2018]; root of context hierarchy
2018-03-01 21:44:05.178  INFO 10692 --- [main] trationDelegate$BeanPostProcessorChecker : Bean 'org.springframework.transaction.annotation.ProxyTransactionManagementConfiguration' of type [org.springframework.transaction.annotation.ProxyTransactionManagementConfiguration$$EnhancerBySpringCGLIB$$f0843c7e] is not eligible for getting processed by all BeanPostProcessors (for example: not eligible for auto-proxying)
2018-03-01 21:44:05.541  INFO 10692 --- [main] s.b.c.e.t.TomcatEmbeddedServletContainer : Tomcat initialized with port(s): 8080 (http)
2018-03-01 21:44:05.551  INFO 10692 --- [main] o.apache.catalina.core.StandardService   : Starting service [Tomcat]
2018-03-01 21:44:05.556  INFO 10692 --- [main] org.apache.catalina.core.StandardEngine  : Starting Servlet Engine: Apache Tomcat/8.5.27
2018-03-01 21:44:05.667  INFO 10692 --- [localhost-startStop-1] o.a.c.c.C.[Tomcat].[localhost].[/]       : Initializing Spring embedded WebApplicationContext
2018-03-01 21:44:05.667  INFO 10692 --- [localhost-startStop-1] o.s.web.context.ContextLoader            : Root WebApplicationContext: initialization completed in 1968 ms
2018-03-01 21:44:05.836  INFO 10692 --- [localhost-startStop-1] o.s.b.w.servlet.ServletRegistrationBean  : Mapping servlet: 'dispatcherServlet' to [/]
2018-03-01 21:44:05.839  INFO 10692 --- [localhost-startStop-1] o.s.b.w.servlet.FilterRegistrationBean   : Mapping filter: 'characterEncodingFilter' to: [/*]
2018-03-01 21:44:05.840  INFO 10692 --- [localhost-startStop-1] o.s.b.w.servlet.FilterRegistrationBean   : Mapping filter: 'hiddenHttpMethodFilter' to: [/*]
2018-03-01 21:44:05.840  INFO 10692 --- [localhost-startStop-1] o.s.b.w.servlet.FilterRegistrationBean   : Mapping filter: 'httpPutFormContentFilter' to: [/*]
2018-03-01 21:44:05.840  INFO 10692 --- [localhost-startStop-1] o.s.b.w.servlet.FilterRegistrationBean   : Mapping filter: 'requestContextFilter' to: [/*]
2018-03-01 21:44:07.200  INFO 10692 --- [main] j.LocalContainerEntityManagerFactoryBean : Building JPA container EntityManagerFactory for persistence unit 'default'
2018-03-01 21:44:07.215  INFO 10692 --- [main] o.hibernate.jpa.internal.util.LogHelper  : HHH000204: Processing PersistenceUnitInfo [
	name: default
	...]
2018-03-01 21:44:07.279  INFO 10692 --- [main] org.hibernate.Version                    : HHH000412: Hibernate Core {5.0.12.Final}
2018-03-01 21:44:07.280  INFO 10692 --- [main] org.hibernate.cfg.Environment            : HHH000206: hibernate.properties not found
2018-03-01 21:44:07.281  INFO 10692 --- [main] org.hibernate.cfg.Environment            : HHH000021: Bytecode provider name : javassist
2018-03-01 21:44:07.314  INFO 10692 --- [main] o.hibernate.annotations.common.Version   : HCANN000001: Hibernate Commons Annotations {5.0.1.Final}
2018-03-01 21:44:07.428  INFO 10692 --- [main] org.hibernate.dialect.Dialect            : HHH000400: Using dialect: org.hibernate.dialect.MySQL5Dialect
2018-03-01 21:44:08.121  INFO 10692 --- [main] org.hibernate.tool.hbm2ddl.SchemaExport  : HHH000227: Running hbm2ddl schema export
2018-03-01 21:44:23.340  INFO 10692 --- [main] org.hibernate.tool.hbm2ddl.SchemaExport  : HHH000230: Schema export complete
2018-03-01 21:44:23.456  INFO 10692 --- [main] o.h.h.i.QueryTranslatorFactoryInitiator  : HHH000397: Using ASTQueryTranslatorFactory
2018-03-01 21:44:23.667  INFO 10692 --- [main] j.LocalContainerEntityManagerFactoryBean : Initialized JPA EntityManagerFactory for persistence unit 'default'
2018-03-01 21:44:25.316  INFO 10692 --- [main] s.w.s.m.m.a.RequestMappingHandlerAdapter : Looking for @ControllerAdvice: org.springframework.boot.context.embedded.AnnotationConfigEmbeddedWebApplicationContext@107227e: startup date [Thu Mar 01 21:44:03 ICT 2018]; root of context hierarchy
2018-03-01 21:44:25.587  INFO 10692 --- [main] s.w.s.m.m.a.RequestMappingHandlerMapping : Mapped "{[/api/manufacturer/],methods=[POST]}" onto public org.springframework.http.ResponseEntity<?> com.example.controller.ManufactureRestApiController.addManufacture(com.example.model.Manufacturer,org.springframework.web.util.UriComponentsBuilder)
2018-03-01 21:44:25.588  INFO 10692 --- [main] s.w.s.m.m.a.RequestMappingHandlerMapping : Mapped "{[/api/manufacturer/{id}],methods=[DELETE]}" onto public org.springframework.http.ResponseEntity<?> com.example.controller.ManufactureRestApiController.deleteManufacture(int)
2018-03-01 21:44:25.589  INFO 10692 --- [main] s.w.s.m.m.a.RequestMappingHandlerMapping : Mapped "{[/api/manufacturer/],methods=[GET]}" onto public org.springframework.http.ResponseEntity<java.util.List<com.example.model.Manufacturer>> com.example.controller.ManufactureRestApiController.findAllManufacturer()
2018-03-01 21:44:25.589  INFO 10692 --- [main] s.w.s.m.m.a.RequestMappingHandlerMapping : Mapped "{[/api/manufacturer],methods=[PUT]}" onto public org.springframework.http.ResponseEntity<?> com.example.controller.ManufactureRestApiController.updateManufacture(int,java.lang.String,java.lang.String)
2018-03-01 21:44:25.590  INFO 10692 --- [main] s.w.s.m.m.a.RequestMappingHandlerMapping : Mapped "{[/api/manufacturer/{id}],methods=[GET]}" onto public org.springframework.http.ResponseEntity<?> com.example.controller.ManufactureRestApiController.findManufactureById(int)
2018-03-01 21:44:25.597  INFO 10692 --- [main] s.w.s.m.m.a.RequestMappingHandlerMapping : Mapped "{[/error]}" onto public org.springframework.http.ResponseEntity<java.util.Map<java.lang.String, java.lang.Object>> org.springframework.boot.autoconfigure.web.BasicErrorController.error(javax.servlet.http.HttpServletRequest)
2018-03-01 21:44:25.597  INFO 10692 --- [main] s.w.s.m.m.a.RequestMappingHandlerMapping : Mapped "{[/error],produces=[text/html]}" onto public org.springframework.web.servlet.ModelAndView org.springframework.boot.autoconfigure.web.BasicErrorController.errorHtml(javax.servlet.http.HttpServletRequest,javax.servlet.http.HttpServletResponse)
2018-03-01 21:44:25.622  INFO 10692 --- [main] o.s.w.s.handler.SimpleUrlHandlerMapping  : Mapped URL path [/webjars/**] onto handler of type [class org.springframework.web.servlet.resource.ResourceHttpRequestHandler]
2018-03-01 21:44:25.623  INFO 10692 --- [main] o.s.w.s.handler.SimpleUrlHandlerMapping  : Mapped URL path [/**] onto handler of type [class org.springframework.web.servlet.resource.ResourceHttpRequestHandler]
2018-03-01 21:44:25.653  INFO 10692 --- [main] o.s.w.s.handler.SimpleUrlHandlerMapping  : Mapped URL path [/**/favicon.ico] onto handler of type [class org.springframework.web.servlet.resource.ResourceHttpRequestHandler]
2018-03-01 21:44:26.564  INFO 10692 --- [main] o.s.j.e.a.AnnotationMBeanExporter        : Registering beans for JMX exposure on startup
2018-03-01 21:44:26.685 ERROR 10692 --- [main] o.apache.catalina.core.StandardService   : Failed to start connector [Connector[HTTP/1.1-8080]]

org.apache.catalina.LifecycleException: Failed to start component [Connector[HTTP/1.1-8080]]
	at org.apache.catalina.util.LifecycleBase.start(LifecycleBase.java:167) ~[tomcat-embed-core-8.5.27.jar:8.5.27]
	at org.apache.catalina.core.StandardService.addConnector(StandardService.java:225) ~[tomcat-embed-core-8.5.27.jar:8.5.27]
	at org.springframework.boot.context.embedded.tomcat.TomcatEmbeddedServletContainer.addPreviouslyRemovedConnectors(TomcatEmbeddedServletContainer.java:250) [spring-boot-1.5.10.RELEASE.jar:1.5.10.RELEASE]
	at org.springframework.boot.context.embedded.tomcat.TomcatEmbeddedServletContainer.start(TomcatEmbeddedServletContainer.java:193) [spring-boot-1.5.10.RELEASE.jar:1.5.10.RELEASE]
	at org.springframework.boot.context.embedded.EmbeddedWebApplicationContext.startEmbeddedServletContainer(EmbeddedWebApplicationContext.java:297) [spring-boot-1.5.10.RELEASE.jar:1.5.10.RELEASE]
	at org.springframework.boot.context.embedded.EmbeddedWebApplicationContext.finishRefresh(EmbeddedWebApplicationContext.java:145) [spring-boot-1.5.10.RELEASE.jar:1.5.10.RELEASE]
	at org.springframework.context.support.AbstractApplicationContext.refresh(AbstractApplicationContext.java:546) [spring-context-4.3.14.RELEASE.jar:4.3.14.RELEASE]
	at org.springframework.boot.context.embedded.EmbeddedWebApplicationContext.refresh(EmbeddedWebApplicationContext.java:122) [spring-boot-1.5.10.RELEASE.jar:1.5.10.RELEASE]
	at org.springframework.boot.SpringApplication.refresh(SpringApplication.java:693) [spring-boot-1.5.10.RELEASE.jar:1.5.10.RELEASE]
	at org.springframework.boot.SpringApplication.refreshContext(SpringApplication.java:360) [spring-boot-1.5.10.RELEASE.jar:1.5.10.RELEASE]
	at org.springframework.boot.SpringApplication.run(SpringApplication.java:303) [spring-boot-1.5.10.RELEASE.jar:1.5.10.RELEASE]
	at org.springframework.boot.SpringApplication.run(SpringApplication.java:1118) [spring-boot-1.5.10.RELEASE.jar:1.5.10.RELEASE]
	at org.springframework.boot.SpringApplication.run(SpringApplication.java:1107) [spring-boot-1.5.10.RELEASE.jar:1.5.10.RELEASE]
	at com.example.CarHireSpringBootJpaApplication.main(CarHireSpringBootJpaApplication.java:14) [bin/:na]
Caused by: org.apache.catalina.LifecycleException: Protocol handler start failed
	at org.apache.catalina.connector.Connector.startInternal(Connector.java:1021) ~[tomcat-embed-core-8.5.27.jar:8.5.27]
	at org.apache.catalina.util.LifecycleBase.start(LifecycleBase.java:150) ~[tomcat-embed-core-8.5.27.jar:8.5.27]
	... 13 common frames omitted
Caused by: java.net.BindException: Address already in use: bind
	at sun.nio.ch.Net.bind0(Native Method) ~[na:1.8.0_144]
	at sun.nio.ch.Net.bind(Net.java:433) ~[na:1.8.0_144]
	at sun.nio.ch.Net.bind(Net.java:425) ~[na:1.8.0_144]
	at sun.nio.ch.ServerSocketChannelImpl.bind(ServerSocketChannelImpl.java:223) ~[na:1.8.0_144]
	at sun.nio.ch.ServerSocketAdaptor.bind(ServerSocketAdaptor.java:74) ~[na:1.8.0_144]
	at org.apache.tomcat.util.net.NioEndpoint.bind(NioEndpoint.java:210) ~[tomcat-embed-core-8.5.27.jar:8.5.27]
	at org.apache.tomcat.util.net.AbstractEndpoint.start(AbstractEndpoint.java:1150) ~[tomcat-embed-core-8.5.27.jar:8.5.27]
	at org.apache.coyote.AbstractProtocol.start(AbstractProtocol.java:591) ~[tomcat-embed-core-8.5.27.jar:8.5.27]
	at org.apache.catalina.connector.Connector.startInternal(Connector.java:1018) ~[tomcat-embed-core-8.5.27.jar:8.5.27]
	... 14 common frames omitted

2018-03-01 21:44:26.725  INFO 10692 --- [main] o.apache.catalina.core.StandardService   : Stopping service [Tomcat]
2018-03-01 21:44:26.770  INFO 10692 --- [main] utoConfigurationReportLoggingInitializer : 

Error starting ApplicationContext. To display the auto-configuration report re-run your application with 'debug' enabled.
2018-03-01 21:44:26.775 ERROR 10692 --- [main] o.s.b.d.LoggingFailureAnalysisReporter   : 

***************************
APPLICATION FAILED TO START
***************************

Description:

The Tomcat connector configured to listen on port 8080 failed to start. The port may already be in use or the connector may be misconfigured.

Action:

Verify the connector's configuration, identify and stop any process that's listening on port 8080, or configure this application to listen on another port.

2018-03-01 21:44:26.776  INFO 10692 --- [main] ationConfigEmbeddedWebApplicationContext : Closing org.springframework.boot.context.embedded.AnnotationConfigEmbeddedWebApplicationContext@107227e: startup date [Thu Mar 01 21:44:03 ICT 2018]; root of context hierarchy
2018-03-01 21:44:26.777  INFO 10692 --- [main] o.s.j.e.a.AnnotationMBeanExporter        : Unregistering JMX-exposed beans on shutdown
2018-03-01 21:44:26.779  INFO 10692 --- [main] j.LocalContainerEntityManagerFactoryBean : Closing JPA EntityManagerFactory for persistence unit 'default'
2018-03-01 21:45:49.612  INFO 10268 --- [main] c.e.CarHireSpringBootJpaApplication      : Starting CarHireSpringBootJpaApplication on Hamsuhi with PID 10268 (E:\Workspace\HireCarJpaWebservice\bin started by admin in E:\Workspace\HireCarJpaWebservice)
2018-03-01 21:45:49.613  INFO 10268 --- [main] c.e.CarHireSpringBootJpaApplication      : No active profile set, falling back to default profiles: default
2018-03-01 21:45:49.816  INFO 10268 --- [main] ationConfigEmbeddedWebApplicationContext : Refreshing org.springframework.boot.context.embedded.AnnotationConfigEmbeddedWebApplicationContext@107227e: startup date [Thu Mar 01 21:45:49 ICT 2018]; root of context hierarchy
2018-03-01 21:45:50.985  INFO 10268 --- [main] trationDelegate$BeanPostProcessorChecker : Bean 'org.springframework.transaction.annotation.ProxyTransactionManagementConfiguration' of type [org.springframework.transaction.annotation.ProxyTransactionManagementConfiguration$$EnhancerBySpringCGLIB$$8ad1fd7a] is not eligible for getting processed by all BeanPostProcessors (for example: not eligible for auto-proxying)
2018-03-01 21:45:51.359  INFO 10268 --- [main] s.b.c.e.t.TomcatEmbeddedServletContainer : Tomcat initialized with port(s): 8080 (http)
2018-03-01 21:45:51.368  INFO 10268 --- [main] o.apache.catalina.core.StandardService   : Starting service [Tomcat]
2018-03-01 21:45:51.373  INFO 10268 --- [main] org.apache.catalina.core.StandardEngine  : Starting Servlet Engine: Apache Tomcat/8.5.27
2018-03-01 21:45:51.484  INFO 10268 --- [localhost-startStop-1] o.a.c.c.C.[Tomcat].[localhost].[/]       : Initializing Spring embedded WebApplicationContext
2018-03-01 21:45:51.485  INFO 10268 --- [localhost-startStop-1] o.s.web.context.ContextLoader            : Root WebApplicationContext: initialization completed in 1671 ms
2018-03-01 21:45:51.654  INFO 10268 --- [localhost-startStop-1] o.s.b.w.servlet.ServletRegistrationBean  : Mapping servlet: 'dispatcherServlet' to [/]
2018-03-01 21:45:51.657  INFO 10268 --- [localhost-startStop-1] o.s.b.w.servlet.FilterRegistrationBean   : Mapping filter: 'characterEncodingFilter' to: [/*]
2018-03-01 21:45:51.657  INFO 10268 --- [localhost-startStop-1] o.s.b.w.servlet.FilterRegistrationBean   : Mapping filter: 'hiddenHttpMethodFilter' to: [/*]
2018-03-01 21:45:51.658  INFO 10268 --- [localhost-startStop-1] o.s.b.w.servlet.FilterRegistrationBean   : Mapping filter: 'httpPutFormContentFilter' to: [/*]
2018-03-01 21:45:51.658  INFO 10268 --- [localhost-startStop-1] o.s.b.w.servlet.FilterRegistrationBean   : Mapping filter: 'requestContextFilter' to: [/*]
2018-03-01 21:45:53.642  INFO 10268 --- [main] j.LocalContainerEntityManagerFactoryBean : Building JPA container EntityManagerFactory for persistence unit 'default'
2018-03-01 21:45:53.655  INFO 10268 --- [main] o.hibernate.jpa.internal.util.LogHelper  : HHH000204: Processing PersistenceUnitInfo [
	name: default
	...]
2018-03-01 21:45:53.713  INFO 10268 --- [main] org.hibernate.Version                    : HHH000412: Hibernate Core {5.0.12.Final}
2018-03-01 21:45:53.714  INFO 10268 --- [main] org.hibernate.cfg.Environment            : HHH000206: hibernate.properties not found
2018-03-01 21:45:53.715  INFO 10268 --- [main] org.hibernate.cfg.Environment            : HHH000021: Bytecode provider name : javassist
2018-03-01 21:45:53.744  INFO 10268 --- [main] o.hibernate.annotations.common.Version   : HCANN000001: Hibernate Commons Annotations {5.0.1.Final}
2018-03-01 21:45:53.842  INFO 10268 --- [main] org.hibernate.dialect.Dialect            : HHH000400: Using dialect: org.hibernate.dialect.MySQL5Dialect
2018-03-01 21:45:54.572  INFO 10268 --- [main] org.hibernate.tool.hbm2ddl.SchemaUpdate  : HHH000228: Running hbm2ddl schema update
2018-03-01 21:45:55.368  INFO 10268 --- [main] o.h.h.i.QueryTranslatorFactoryInitiator  : HHH000397: Using ASTQueryTranslatorFactory
2018-03-01 21:45:55.454  INFO 10268 --- [main] j.LocalContainerEntityManagerFactoryBean : Initialized JPA EntityManagerFactory for persistence unit 'default'
2018-03-01 21:45:56.344  INFO 10268 --- [main] s.w.s.m.m.a.RequestMappingHandlerAdapter : Looking for @ControllerAdvice: org.springframework.boot.context.embedded.AnnotationConfigEmbeddedWebApplicationContext@107227e: startup date [Thu Mar 01 21:45:49 ICT 2018]; root of context hierarchy
2018-03-01 21:45:56.404  INFO 10268 --- [main] s.w.s.m.m.a.RequestMappingHandlerMapping : Mapped "{[/error]}" onto public org.springframework.http.ResponseEntity<java.util.Map<java.lang.String, java.lang.Object>> org.springframework.boot.autoconfigure.web.BasicErrorController.error(javax.servlet.http.HttpServletRequest)
2018-03-01 21:45:56.405  INFO 10268 --- [main] s.w.s.m.m.a.RequestMappingHandlerMapping : Mapped "{[/error],produces=[text/html]}" onto public org.springframework.web.servlet.ModelAndView org.springframework.boot.autoconfigure.web.BasicErrorController.errorHtml(javax.servlet.http.HttpServletRequest,javax.servlet.http.HttpServletResponse)
2018-03-01 21:45:56.439  INFO 10268 --- [main] o.s.w.s.handler.SimpleUrlHandlerMapping  : Mapped URL path [/webjars/**] onto handler of type [class org.springframework.web.servlet.resource.ResourceHttpRequestHandler]
2018-03-01 21:45:56.439  INFO 10268 --- [main] o.s.w.s.handler.SimpleUrlHandlerMapping  : Mapped URL path [/**] onto handler of type [class org.springframework.web.servlet.resource.ResourceHttpRequestHandler]
2018-03-01 21:45:56.473  INFO 10268 --- [main] o.s.w.s.handler.SimpleUrlHandlerMapping  : Mapped URL path [/**/favicon.ico] onto handler of type [class org.springframework.web.servlet.resource.ResourceHttpRequestHandler]
2018-03-01 21:45:56.895  INFO 10268 --- [main] o.s.j.e.a.AnnotationMBeanExporter        : Registering beans for JMX exposure on startup
2018-03-01 21:45:56.922 ERROR 10268 --- [main] o.apache.catalina.core.StandardService   : Failed to start connector [Connector[HTTP/1.1-8080]]

org.apache.catalina.LifecycleException: Failed to start component [Connector[HTTP/1.1-8080]]
	at org.apache.catalina.util.LifecycleBase.start(LifecycleBase.java:167) ~[tomcat-embed-core-8.5.27.jar:8.5.27]
	at org.apache.catalina.core.StandardService.addConnector(StandardService.java:225) ~[tomcat-embed-core-8.5.27.jar:8.5.27]
	at org.springframework.boot.context.embedded.tomcat.TomcatEmbeddedServletContainer.addPreviouslyRemovedConnectors(TomcatEmbeddedServletContainer.java:250) [spring-boot-1.5.10.RELEASE.jar:1.5.10.RELEASE]
	at org.springframework.boot.context.embedded.tomcat.TomcatEmbeddedServletContainer.start(TomcatEmbeddedServletContainer.java:193) [spring-boot-1.5.10.RELEASE.jar:1.5.10.RELEASE]
	at org.springframework.boot.context.embedded.EmbeddedWebApplicationContext.startEmbeddedServletContainer(EmbeddedWebApplicationContext.java:297) [spring-boot-1.5.10.RELEASE.jar:1.5.10.RELEASE]
	at org.springframework.boot.context.embedded.EmbeddedWebApplicationContext.finishRefresh(EmbeddedWebApplicationContext.java:145) [spring-boot-1.5.10.RELEASE.jar:1.5.10.RELEASE]
	at org.springframework.context.support.AbstractApplicationContext.refresh(AbstractApplicationContext.java:546) [spring-context-4.3.14.RELEASE.jar:4.3.14.RELEASE]
	at org.springframework.boot.context.embedded.EmbeddedWebApplicationContext.refresh(EmbeddedWebApplicationContext.java:122) [spring-boot-1.5.10.RELEASE.jar:1.5.10.RELEASE]
	at org.springframework.boot.SpringApplication.refresh(SpringApplication.java:693) [spring-boot-1.5.10.RELEASE.jar:1.5.10.RELEASE]
	at org.springframework.boot.SpringApplication.refreshContext(SpringApplication.java:360) [spring-boot-1.5.10.RELEASE.jar:1.5.10.RELEASE]
	at org.springframework.boot.SpringApplication.run(SpringApplication.java:303) [spring-boot-1.5.10.RELEASE.jar:1.5.10.RELEASE]
	at org.springframework.boot.SpringApplication.run(SpringApplication.java:1118) [spring-boot-1.5.10.RELEASE.jar:1.5.10.RELEASE]
	at org.springframework.boot.SpringApplication.run(SpringApplication.java:1107) [spring-boot-1.5.10.RELEASE.jar:1.5.10.RELEASE]
	at com.example.CarHireSpringBootJpaApplication.main(CarHireSpringBootJpaApplication.java:14) [bin/:na]
Caused by: org.apache.catalina.LifecycleException: Protocol handler start failed
	at org.apache.catalina.connector.Connector.startInternal(Connector.java:1021) ~[tomcat-embed-core-8.5.27.jar:8.5.27]
	at org.apache.catalina.util.LifecycleBase.start(LifecycleBase.java:150) ~[tomcat-embed-core-8.5.27.jar:8.5.27]
	... 13 common frames omitted
Caused by: java.net.BindException: Address already in use: bind
	at sun.nio.ch.Net.bind0(Native Method) ~[na:1.8.0_144]
	at sun.nio.ch.Net.bind(Net.java:433) ~[na:1.8.0_144]
	at sun.nio.ch.Net.bind(Net.java:425) ~[na:1.8.0_144]
	at sun.nio.ch.ServerSocketChannelImpl.bind(ServerSocketChannelImpl.java:223) ~[na:1.8.0_144]
	at sun.nio.ch.ServerSocketAdaptor.bind(ServerSocketAdaptor.java:74) ~[na:1.8.0_144]
	at org.apache.tomcat.util.net.NioEndpoint.bind(NioEndpoint.java:210) ~[tomcat-embed-core-8.5.27.jar:8.5.27]
	at org.apache.tomcat.util.net.AbstractEndpoint.start(AbstractEndpoint.java:1150) ~[tomcat-embed-core-8.5.27.jar:8.5.27]
	at org.apache.coyote.AbstractProtocol.start(AbstractProtocol.java:591) ~[tomcat-embed-core-8.5.27.jar:8.5.27]
	at org.apache.catalina.connector.Connector.startInternal(Connector.java:1018) ~[tomcat-embed-core-8.5.27.jar:8.5.27]
	... 14 common frames omitted

2018-03-01 21:45:56.927  INFO 10268 --- [main] o.apache.catalina.core.StandardService   : Stopping service [Tomcat]
2018-03-01 21:45:56.935  INFO 10268 --- [main] utoConfigurationReportLoggingInitializer : 

Error starting ApplicationContext. To display the auto-configuration report re-run your application with 'debug' enabled.
2018-03-01 21:45:56.940 ERROR 10268 --- [main] o.s.b.d.LoggingFailureAnalysisReporter   : 

***************************
APPLICATION FAILED TO START
***************************

Description:

The Tomcat connector configured to listen on port 8080 failed to start. The port may already be in use or the connector may be misconfigured.

Action:

Verify the connector's configuration, identify and stop any process that's listening on port 8080, or configure this application to listen on another port.

2018-03-01 21:45:56.941  INFO 10268 --- [main] ationConfigEmbeddedWebApplicationContext : Closing org.springframework.boot.context.embedded.AnnotationConfigEmbeddedWebApplicationContext@107227e: startup date [Thu Mar 01 21:45:49 ICT 2018]; root of context hierarchy
2018-03-01 21:45:56.942  INFO 10268 --- [main] o.s.j.e.a.AnnotationMBeanExporter        : Unregistering JMX-exposed beans on shutdown
2018-03-01 21:45:56.944  INFO 10268 --- [main] j.LocalContainerEntityManagerFactoryBean : Closing JPA EntityManagerFactory for persistence unit 'default'
2018-03-01 21:46:47.926  INFO 10820 --- [main] c.e.CarHireSpringBootJpaApplication      : Starting CarHireSpringBootJpaApplication on Hamsuhi with PID 10820 (E:\Workspace\HireCarJpaWebservice\bin started by admin in E:\Workspace\HireCarJpaWebservice)
2018-03-01 21:46:47.931  INFO 10820 --- [main] c.e.CarHireSpringBootJpaApplication      : No active profile set, falling back to default profiles: default
2018-03-01 21:46:48.210  INFO 10820 --- [main] ationConfigEmbeddedWebApplicationContext : Refreshing org.springframework.boot.context.embedded.AnnotationConfigEmbeddedWebApplicationContext@107227e: startup date [Thu Mar 01 21:46:48 ICT 2018]; root of context hierarchy
2018-03-01 21:46:50.618  INFO 10820 --- [main] trationDelegate$BeanPostProcessorChecker : Bean 'org.springframework.transaction.annotation.ProxyTransactionManagementConfiguration' of type [org.springframework.transaction.annotation.ProxyTransactionManagementConfiguration$$EnhancerBySpringCGLIB$$4707856] is not eligible for getting processed by all BeanPostProcessors (for example: not eligible for auto-proxying)
2018-03-01 21:46:51.003  INFO 10820 --- [main] s.b.c.e.t.TomcatEmbeddedServletContainer : Tomcat initialized with port(s): 8080 (http)
2018-03-01 21:46:51.014  INFO 10820 --- [main] o.apache.catalina.core.StandardService   : Starting service [Tomcat]
2018-03-01 21:46:51.015  INFO 10820 --- [main] org.apache.catalina.core.StandardEngine  : Starting Servlet Engine: Apache Tomcat/8.5.27
2018-03-01 21:46:51.132  INFO 10820 --- [localhost-startStop-1] o.a.c.c.C.[Tomcat].[localhost].[/]       : Initializing Spring embedded WebApplicationContext
2018-03-01 21:46:51.132  INFO 10820 --- [localhost-startStop-1] o.s.web.context.ContextLoader            : Root WebApplicationContext: initialization completed in 2924 ms
2018-03-01 21:46:51.285  INFO 10820 --- [localhost-startStop-1] o.s.b.w.servlet.ServletRegistrationBean  : Mapping servlet: 'dispatcherServlet' to [/]
2018-03-01 21:46:51.288  INFO 10820 --- [localhost-startStop-1] o.s.b.w.servlet.FilterRegistrationBean   : Mapping filter: 'characterEncodingFilter' to: [/*]
2018-03-01 21:46:51.288  INFO 10820 --- [localhost-startStop-1] o.s.b.w.servlet.FilterRegistrationBean   : Mapping filter: 'hiddenHttpMethodFilter' to: [/*]
2018-03-01 21:46:51.289  INFO 10820 --- [localhost-startStop-1] o.s.b.w.servlet.FilterRegistrationBean   : Mapping filter: 'httpPutFormContentFilter' to: [/*]
2018-03-01 21:46:51.289  INFO 10820 --- [localhost-startStop-1] o.s.b.w.servlet.FilterRegistrationBean   : Mapping filter: 'requestContextFilter' to: [/*]
2018-03-01 21:46:52.033  INFO 10820 --- [main] j.LocalContainerEntityManagerFactoryBean : Building JPA container EntityManagerFactory for persistence unit 'default'
2018-03-01 21:46:52.044  INFO 10820 --- [main] o.hibernate.jpa.internal.util.LogHelper  : HHH000204: Processing PersistenceUnitInfo [
	name: default
	...]
2018-03-01 21:46:52.095  INFO 10820 --- [main] org.hibernate.Version                    : HHH000412: Hibernate Core {5.0.12.Final}
2018-03-01 21:46:52.097  INFO 10820 --- [main] org.hibernate.cfg.Environment            : HHH000206: hibernate.properties not found
2018-03-01 21:46:52.097  INFO 10820 --- [main] org.hibernate.cfg.Environment            : HHH000021: Bytecode provider name : javassist
2018-03-01 21:46:52.135  INFO 10820 --- [main] o.hibernate.annotations.common.Version   : HCANN000001: Hibernate Commons Annotations {5.0.1.Final}
2018-03-01 21:46:52.232  INFO 10820 --- [main] org.hibernate.dialect.Dialect            : HHH000400: Using dialect: org.hibernate.dialect.MySQL5Dialect
2018-03-01 21:46:52.671  INFO 10820 --- [main] org.hibernate.tool.hbm2ddl.SchemaUpdate  : HHH000228: Running hbm2ddl schema update
2018-03-01 21:46:53.307  INFO 10820 --- [main] o.h.h.i.QueryTranslatorFactoryInitiator  : HHH000397: Using ASTQueryTranslatorFactory
2018-03-01 21:46:53.387  INFO 10820 --- [main] j.LocalContainerEntityManagerFactoryBean : Initialized JPA EntityManagerFactory for persistence unit 'default'
2018-03-01 21:46:54.300  INFO 10820 --- [main] s.w.s.m.m.a.RequestMappingHandlerAdapter : Looking for @ControllerAdvice: org.springframework.boot.context.embedded.AnnotationConfigEmbeddedWebApplicationContext@107227e: startup date [Thu Mar 01 21:46:48 ICT 2018]; root of context hierarchy
2018-03-01 21:46:54.371  INFO 10820 --- [main] s.w.s.m.m.a.RequestMappingHandlerMapping : Mapped "{[/error]}" onto public org.springframework.http.ResponseEntity<java.util.Map<java.lang.String, java.lang.Object>> org.springframework.boot.autoconfigure.web.BasicErrorController.error(javax.servlet.http.HttpServletRequest)
2018-03-01 21:46:54.372  INFO 10820 --- [main] s.w.s.m.m.a.RequestMappingHandlerMapping : Mapped "{[/error],produces=[text/html]}" onto public org.springframework.web.servlet.ModelAndView org.springframework.boot.autoconfigure.web.BasicErrorController.errorHtml(javax.servlet.http.HttpServletRequest,javax.servlet.http.HttpServletResponse)
2018-03-01 21:46:54.400  INFO 10820 --- [main] o.s.w.s.handler.SimpleUrlHandlerMapping  : Mapped URL path [/webjars/**] onto handler of type [class org.springframework.web.servlet.resource.ResourceHttpRequestHandler]
2018-03-01 21:46:54.401  INFO 10820 --- [main] o.s.w.s.handler.SimpleUrlHandlerMapping  : Mapped URL path [/**] onto handler of type [class org.springframework.web.servlet.resource.ResourceHttpRequestHandler]
2018-03-01 21:46:54.443  INFO 10820 --- [main] o.s.w.s.handler.SimpleUrlHandlerMapping  : Mapped URL path [/**/favicon.ico] onto handler of type [class org.springframework.web.servlet.resource.ResourceHttpRequestHandler]
2018-03-01 21:46:54.907  INFO 10820 --- [main] o.s.j.e.a.AnnotationMBeanExporter        : Registering beans for JMX exposure on startup
2018-03-01 21:46:54.938 ERROR 10820 --- [main] o.apache.catalina.core.StandardService   : Failed to start connector [Connector[HTTP/1.1-8080]]

org.apache.catalina.LifecycleException: Failed to start component [Connector[HTTP/1.1-8080]]
	at org.apache.catalina.util.LifecycleBase.start(LifecycleBase.java:167) ~[tomcat-embed-core-8.5.27.jar:8.5.27]
	at org.apache.catalina.core.StandardService.addConnector(StandardService.java:225) ~[tomcat-embed-core-8.5.27.jar:8.5.27]
	at org.springframework.boot.context.embedded.tomcat.TomcatEmbeddedServletContainer.addPreviouslyRemovedConnectors(TomcatEmbeddedServletContainer.java:250) [spring-boot-1.5.10.RELEASE.jar:1.5.10.RELEASE]
	at org.springframework.boot.context.embedded.tomcat.TomcatEmbeddedServletContainer.start(TomcatEmbeddedServletContainer.java:193) [spring-boot-1.5.10.RELEASE.jar:1.5.10.RELEASE]
	at org.springframework.boot.context.embedded.EmbeddedWebApplicationContext.startEmbeddedServletContainer(EmbeddedWebApplicationContext.java:297) [spring-boot-1.5.10.RELEASE.jar:1.5.10.RELEASE]
	at org.springframework.boot.context.embedded.EmbeddedWebApplicationContext.finishRefresh(EmbeddedWebApplicationContext.java:145) [spring-boot-1.5.10.RELEASE.jar:1.5.10.RELEASE]
	at org.springframework.context.support.AbstractApplicationContext.refresh(AbstractApplicationContext.java:546) [spring-context-4.3.14.RELEASE.jar:4.3.14.RELEASE]
	at org.springframework.boot.context.embedded.EmbeddedWebApplicationContext.refresh(EmbeddedWebApplicationContext.java:122) [spring-boot-1.5.10.RELEASE.jar:1.5.10.RELEASE]
	at org.springframework.boot.SpringApplication.refresh(SpringApplication.java:693) [spring-boot-1.5.10.RELEASE.jar:1.5.10.RELEASE]
	at org.springframework.boot.SpringApplication.refreshContext(SpringApplication.java:360) [spring-boot-1.5.10.RELEASE.jar:1.5.10.RELEASE]
	at org.springframework.boot.SpringApplication.run(SpringApplication.java:303) [spring-boot-1.5.10.RELEASE.jar:1.5.10.RELEASE]
	at org.springframework.boot.SpringApplication.run(SpringApplication.java:1118) [spring-boot-1.5.10.RELEASE.jar:1.5.10.RELEASE]
	at org.springframework.boot.SpringApplication.run(SpringApplication.java:1107) [spring-boot-1.5.10.RELEASE.jar:1.5.10.RELEASE]
	at com.example.CarHireSpringBootJpaApplication.main(CarHireSpringBootJpaApplication.java:14) [bin/:na]
Caused by: org.apache.catalina.LifecycleException: Protocol handler start failed
	at org.apache.catalina.connector.Connector.startInternal(Connector.java:1021) ~[tomcat-embed-core-8.5.27.jar:8.5.27]
	at org.apache.catalina.util.LifecycleBase.start(LifecycleBase.java:150) ~[tomcat-embed-core-8.5.27.jar:8.5.27]
	... 13 common frames omitted
Caused by: java.net.BindException: Address already in use: bind
	at sun.nio.ch.Net.bind0(Native Method) ~[na:1.8.0_144]
	at sun.nio.ch.Net.bind(Net.java:433) ~[na:1.8.0_144]
	at sun.nio.ch.Net.bind(Net.java:425) ~[na:1.8.0_144]
	at sun.nio.ch.ServerSocketChannelImpl.bind(ServerSocketChannelImpl.java:223) ~[na:1.8.0_144]
	at sun.nio.ch.ServerSocketAdaptor.bind(ServerSocketAdaptor.java:74) ~[na:1.8.0_144]
	at org.apache.tomcat.util.net.NioEndpoint.bind(NioEndpoint.java:210) ~[tomcat-embed-core-8.5.27.jar:8.5.27]
	at org.apache.tomcat.util.net.AbstractEndpoint.start(AbstractEndpoint.java:1150) ~[tomcat-embed-core-8.5.27.jar:8.5.27]
	at org.apache.coyote.AbstractProtocol.start(AbstractProtocol.java:591) ~[tomcat-embed-core-8.5.27.jar:8.5.27]
	at org.apache.catalina.connector.Connector.startInternal(Connector.java:1018) ~[tomcat-embed-core-8.5.27.jar:8.5.27]
	... 14 common frames omitted

2018-03-01 21:46:54.944  INFO 10820 --- [main] o.apache.catalina.core.StandardService   : Stopping service [Tomcat]
2018-03-01 21:46:54.952  INFO 10820 --- [main] utoConfigurationReportLoggingInitializer : 

Error starting ApplicationContext. To display the auto-configuration report re-run your application with 'debug' enabled.
2018-03-01 21:46:54.957 ERROR 10820 --- [main] o.s.b.d.LoggingFailureAnalysisReporter   : 

***************************
APPLICATION FAILED TO START
***************************

Description:

The Tomcat connector configured to listen on port 8080 failed to start. The port may already be in use or the connector may be misconfigured.

Action:

Verify the connector's configuration, identify and stop any process that's listening on port 8080, or configure this application to listen on another port.

2018-03-01 21:46:54.958  INFO 10820 --- [main] ationConfigEmbeddedWebApplicationContext : Closing org.springframework.boot.context.embedded.AnnotationConfigEmbeddedWebApplicationContext@107227e: startup date [Thu Mar 01 21:46:48 ICT 2018]; root of context hierarchy
2018-03-01 21:46:54.960  INFO 10820 --- [main] o.s.j.e.a.AnnotationMBeanExporter        : Unregistering JMX-exposed beans on shutdown
2018-03-01 21:46:54.962  INFO 10820 --- [main] j.LocalContainerEntityManagerFactoryBean : Closing JPA EntityManagerFactory for persistence unit 'default'
2018-03-01 21:47:51.113  INFO 6620 --- [main] c.e.CarHireSpringBootJpaApplication      : Starting CarHireSpringBootJpaApplication on Hamsuhi with PID 6620 (E:\Workspace\HireCarJpaWebservice\bin started by admin in E:\Workspace\HireCarJpaWebservice)
2018-03-01 21:47:51.117  INFO 6620 --- [main] c.e.CarHireSpringBootJpaApplication      : No active profile set, falling back to default profiles: default
2018-03-01 21:47:51.352  INFO 6620 --- [main] ationConfigEmbeddedWebApplicationContext : Refreshing org.springframework.boot.context.embedded.AnnotationConfigEmbeddedWebApplicationContext@107227e: startup date [Thu Mar 01 21:47:51 ICT 2018]; root of context hierarchy
2018-03-01 21:47:52.813  INFO 6620 --- [main] trationDelegate$BeanPostProcessorChecker : Bean 'org.springframework.transaction.annotation.ProxyTransactionManagementConfiguration' of type [org.springframework.transaction.annotation.ProxyTransactionManagementConfiguration$$EnhancerBySpringCGLIB$$29bc75f9] is not eligible for getting processed by all BeanPostProcessors (for example: not eligible for auto-proxying)
2018-03-01 21:47:53.210  INFO 6620 --- [main] s.b.c.e.t.TomcatEmbeddedServletContainer : Tomcat initialized with port(s): 8080 (http)
2018-03-01 21:47:53.222  INFO 6620 --- [main] o.apache.catalina.core.StandardService   : Starting service [Tomcat]
2018-03-01 21:47:53.223  INFO 6620 --- [main] org.apache.catalina.core.StandardEngine  : Starting Servlet Engine: Apache Tomcat/8.5.27
2018-03-01 21:47:53.350  INFO 6620 --- [localhost-startStop-1] o.a.c.c.C.[Tomcat].[localhost].[/]       : Initializing Spring embedded WebApplicationContext
2018-03-01 21:47:53.350  INFO 6620 --- [localhost-startStop-1] o.s.web.context.ContextLoader            : Root WebApplicationContext: initialization completed in 2001 ms
2018-03-01 21:47:53.501  INFO 6620 --- [localhost-startStop-1] o.s.b.w.servlet.ServletRegistrationBean  : Mapping servlet: 'dispatcherServlet' to [/]
2018-03-01 21:47:53.505  INFO 6620 --- [localhost-startStop-1] o.s.b.w.servlet.FilterRegistrationBean   : Mapping filter: 'characterEncodingFilter' to: [/*]
2018-03-01 21:47:53.505  INFO 6620 --- [localhost-startStop-1] o.s.b.w.servlet.FilterRegistrationBean   : Mapping filter: 'hiddenHttpMethodFilter' to: [/*]
2018-03-01 21:47:53.505  INFO 6620 --- [localhost-startStop-1] o.s.b.w.servlet.FilterRegistrationBean   : Mapping filter: 'httpPutFormContentFilter' to: [/*]
2018-03-01 21:47:53.505  INFO 6620 --- [localhost-startStop-1] o.s.b.w.servlet.FilterRegistrationBean   : Mapping filter: 'requestContextFilter' to: [/*]
2018-03-01 21:47:54.103  INFO 6620 --- [main] j.LocalContainerEntityManagerFactoryBean : Building JPA container EntityManagerFactory for persistence unit 'default'
2018-03-01 21:47:54.117  INFO 6620 --- [main] o.hibernate.jpa.internal.util.LogHelper  : HHH000204: Processing PersistenceUnitInfo [
	name: default
	...]
2018-03-01 21:47:54.174  INFO 6620 --- [main] org.hibernate.Version                    : HHH000412: Hibernate Core {5.0.12.Final}
2018-03-01 21:47:54.175  INFO 6620 --- [main] org.hibernate.cfg.Environment            : HHH000206: hibernate.properties not found
2018-03-01 21:47:54.176  INFO 6620 --- [main] org.hibernate.cfg.Environment            : HHH000021: Bytecode provider name : javassist
2018-03-01 21:47:54.218  INFO 6620 --- [main] o.hibernate.annotations.common.Version   : HCANN000001: Hibernate Commons Annotations {5.0.1.Final}
2018-03-01 21:47:54.304  INFO 6620 --- [main] org.hibernate.dialect.Dialect            : HHH000400: Using dialect: org.hibernate.dialect.MySQL5Dialect
2018-03-01 21:47:54.745  INFO 6620 --- [main] org.hibernate.tool.hbm2ddl.SchemaUpdate  : HHH000228: Running hbm2ddl schema update
2018-03-01 21:47:55.004  INFO 6620 --- [main] o.h.h.i.QueryTranslatorFactoryInitiator  : HHH000397: Using ASTQueryTranslatorFactory
2018-03-01 21:47:55.097  INFO 6620 --- [main] j.LocalContainerEntityManagerFactoryBean : Initialized JPA EntityManagerFactory for persistence unit 'default'
2018-03-01 21:47:55.792  INFO 6620 --- [main] s.w.s.m.m.a.RequestMappingHandlerAdapter : Looking for @ControllerAdvice: org.springframework.boot.context.embedded.AnnotationConfigEmbeddedWebApplicationContext@107227e: startup date [Thu Mar 01 21:47:51 ICT 2018]; root of context hierarchy
2018-03-01 21:47:55.852  INFO 6620 --- [main] s.w.s.m.m.a.RequestMappingHandlerMapping : Mapped "{[/error]}" onto public org.springframework.http.ResponseEntity<java.util.Map<java.lang.String, java.lang.Object>> org.springframework.boot.autoconfigure.web.BasicErrorController.error(javax.servlet.http.HttpServletRequest)
2018-03-01 21:47:55.853  INFO 6620 --- [main] s.w.s.m.m.a.RequestMappingHandlerMapping : Mapped "{[/error],produces=[text/html]}" onto public org.springframework.web.servlet.ModelAndView org.springframework.boot.autoconfigure.web.BasicErrorController.errorHtml(javax.servlet.http.HttpServletRequest,javax.servlet.http.HttpServletResponse)
2018-03-01 21:47:55.881  INFO 6620 --- [main] o.s.w.s.handler.SimpleUrlHandlerMapping  : Mapped URL path [/webjars/**] onto handler of type [class org.springframework.web.servlet.resource.ResourceHttpRequestHandler]
2018-03-01 21:47:55.882  INFO 6620 --- [main] o.s.w.s.handler.SimpleUrlHandlerMapping  : Mapped URL path [/**] onto handler of type [class org.springframework.web.servlet.resource.ResourceHttpRequestHandler]
2018-03-01 21:47:55.914  INFO 6620 --- [main] o.s.w.s.handler.SimpleUrlHandlerMapping  : Mapped URL path [/**/favicon.ico] onto handler of type [class org.springframework.web.servlet.resource.ResourceHttpRequestHandler]
2018-03-01 21:47:56.344  INFO 6620 --- [main] o.s.j.e.a.AnnotationMBeanExporter        : Registering beans for JMX exposure on startup
2018-03-01 21:47:56.523 ERROR 6620 --- [main] o.apache.catalina.core.StandardService   : Failed to start connector [Connector[HTTP/1.1-8080]]

org.apache.catalina.LifecycleException: Failed to start component [Connector[HTTP/1.1-8080]]
	at org.apache.catalina.util.LifecycleBase.start(LifecycleBase.java:167) ~[tomcat-embed-core-8.5.27.jar:8.5.27]
	at org.apache.catalina.core.StandardService.addConnector(StandardService.java:225) ~[tomcat-embed-core-8.5.27.jar:8.5.27]
	at org.springframework.boot.context.embedded.tomcat.TomcatEmbeddedServletContainer.addPreviouslyRemovedConnectors(TomcatEmbeddedServletContainer.java:250) [spring-boot-1.5.10.RELEASE.jar:1.5.10.RELEASE]
	at org.springframework.boot.context.embedded.tomcat.TomcatEmbeddedServletContainer.start(TomcatEmbeddedServletContainer.java:193) [spring-boot-1.5.10.RELEASE.jar:1.5.10.RELEASE]
	at org.springframework.boot.context.embedded.EmbeddedWebApplicationContext.startEmbeddedServletContainer(EmbeddedWebApplicationContext.java:297) [spring-boot-1.5.10.RELEASE.jar:1.5.10.RELEASE]
	at org.springframework.boot.context.embedded.EmbeddedWebApplicationContext.finishRefresh(EmbeddedWebApplicationContext.java:145) [spring-boot-1.5.10.RELEASE.jar:1.5.10.RELEASE]
	at org.springframework.context.support.AbstractApplicationContext.refresh(AbstractApplicationContext.java:546) [spring-context-4.3.14.RELEASE.jar:4.3.14.RELEASE]
	at org.springframework.boot.context.embedded.EmbeddedWebApplicationContext.refresh(EmbeddedWebApplicationContext.java:122) [spring-boot-1.5.10.RELEASE.jar:1.5.10.RELEASE]
	at org.springframework.boot.SpringApplication.refresh(SpringApplication.java:693) [spring-boot-1.5.10.RELEASE.jar:1.5.10.RELEASE]
	at org.springframework.boot.SpringApplication.refreshContext(SpringApplication.java:360) [spring-boot-1.5.10.RELEASE.jar:1.5.10.RELEASE]
	at org.springframework.boot.SpringApplication.run(SpringApplication.java:303) [spring-boot-1.5.10.RELEASE.jar:1.5.10.RELEASE]
	at org.springframework.boot.SpringApplication.run(SpringApplication.java:1118) [spring-boot-1.5.10.RELEASE.jar:1.5.10.RELEASE]
	at org.springframework.boot.SpringApplication.run(SpringApplication.java:1107) [spring-boot-1.5.10.RELEASE.jar:1.5.10.RELEASE]
	at com.example.CarHireSpringBootJpaApplication.main(CarHireSpringBootJpaApplication.java:14) [bin/:na]
Caused by: org.apache.catalina.LifecycleException: Protocol handler start failed
	at org.apache.catalina.connector.Connector.startInternal(Connector.java:1021) ~[tomcat-embed-core-8.5.27.jar:8.5.27]
	at org.apache.catalina.util.LifecycleBase.start(LifecycleBase.java:150) ~[tomcat-embed-core-8.5.27.jar:8.5.27]
	... 13 common frames omitted
Caused by: java.net.BindException: Address already in use: bind
	at sun.nio.ch.Net.bind0(Native Method) ~[na:1.8.0_144]
	at sun.nio.ch.Net.bind(Net.java:433) ~[na:1.8.0_144]
	at sun.nio.ch.Net.bind(Net.java:425) ~[na:1.8.0_144]
	at sun.nio.ch.ServerSocketChannelImpl.bind(ServerSocketChannelImpl.java:223) ~[na:1.8.0_144]
	at sun.nio.ch.ServerSocketAdaptor.bind(ServerSocketAdaptor.java:74) ~[na:1.8.0_144]
	at org.apache.tomcat.util.net.NioEndpoint.bind(NioEndpoint.java:210) ~[tomcat-embed-core-8.5.27.jar:8.5.27]
	at org.apache.tomcat.util.net.AbstractEndpoint.start(AbstractEndpoint.java:1150) ~[tomcat-embed-core-8.5.27.jar:8.5.27]
	at org.apache.coyote.AbstractProtocol.start(AbstractProtocol.java:591) ~[tomcat-embed-core-8.5.27.jar:8.5.27]
	at org.apache.catalina.connector.Connector.startInternal(Connector.java:1018) ~[tomcat-embed-core-8.5.27.jar:8.5.27]
	... 14 common frames omitted

2018-03-01 21:47:56.530  INFO 6620 --- [main] o.apache.catalina.core.StandardService   : Stopping service [Tomcat]
2018-03-01 21:47:56.538  INFO 6620 --- [main] utoConfigurationReportLoggingInitializer : 

Error starting ApplicationContext. To display the auto-configuration report re-run your application with 'debug' enabled.
2018-03-01 21:47:56.543 ERROR 6620 --- [main] o.s.b.d.LoggingFailureAnalysisReporter   : 

***************************
APPLICATION FAILED TO START
***************************

Description:

The Tomcat connector configured to listen on port 8080 failed to start. The port may already be in use or the connector may be misconfigured.

Action:

Verify the connector's configuration, identify and stop any process that's listening on port 8080, or configure this application to listen on another port.

2018-03-01 21:47:56.544  INFO 6620 --- [main] ationConfigEmbeddedWebApplicationContext : Closing org.springframework.boot.context.embedded.AnnotationConfigEmbeddedWebApplicationContext@107227e: startup date [Thu Mar 01 21:47:51 ICT 2018]; root of context hierarchy
2018-03-01 21:47:56.545  INFO 6620 --- [main] o.s.j.e.a.AnnotationMBeanExporter        : Unregistering JMX-exposed beans on shutdown
2018-03-01 21:47:56.547  INFO 6620 --- [main] j.LocalContainerEntityManagerFactoryBean : Closing JPA EntityManagerFactory for persistence unit 'default'
2018-03-01 21:48:08.071  INFO 7248 --- [main] c.e.CarHireSpringBootJpaApplication      : Starting CarHireSpringBootJpaApplication on Hamsuhi with PID 7248 (E:\Workspace\HireCarJpaWebservice\bin started by admin in E:\Workspace\HireCarJpaWebservice)
2018-03-01 21:48:08.074  INFO 7248 --- [main] c.e.CarHireSpringBootJpaApplication      : No active profile set, falling back to default profiles: default
2018-03-01 21:48:08.324  INFO 7248 --- [main] ationConfigEmbeddedWebApplicationContext : Refreshing org.springframework.boot.context.embedded.AnnotationConfigEmbeddedWebApplicationContext@107227e: startup date [Thu Mar 01 21:48:08 ICT 2018]; root of context hierarchy
2018-03-01 21:48:09.446  INFO 7248 --- [main] trationDelegate$BeanPostProcessorChecker : Bean 'org.springframework.transaction.annotation.ProxyTransactionManagementConfiguration' of type [org.springframework.transaction.annotation.ProxyTransactionManagementConfiguration$$EnhancerBySpringCGLIB$$ce2e5443] is not eligible for getting processed by all BeanPostProcessors (for example: not eligible for auto-proxying)
2018-03-01 21:48:09.794  INFO 7248 --- [main] s.b.c.e.t.TomcatEmbeddedServletContainer : Tomcat initialized with port(s): 8080 (http)
2018-03-01 21:48:09.803  INFO 7248 --- [main] o.apache.catalina.core.StandardService   : Starting service [Tomcat]
2018-03-01 21:48:09.804  INFO 7248 --- [main] org.apache.catalina.core.StandardEngine  : Starting Servlet Engine: Apache Tomcat/8.5.27
2018-03-01 21:48:10.308  INFO 7248 --- [localhost-startStop-1] o.a.c.c.C.[Tomcat].[localhost].[/]       : Initializing Spring embedded WebApplicationContext
2018-03-01 21:48:10.308  INFO 7248 --- [localhost-startStop-1] o.s.web.context.ContextLoader            : Root WebApplicationContext: initialization completed in 1998 ms
2018-03-01 21:48:10.442  INFO 7248 --- [localhost-startStop-1] o.s.b.w.servlet.ServletRegistrationBean  : Mapping servlet: 'dispatcherServlet' to [/]
2018-03-01 21:48:10.445  INFO 7248 --- [localhost-startStop-1] o.s.b.w.servlet.FilterRegistrationBean   : Mapping filter: 'characterEncodingFilter' to: [/*]
2018-03-01 21:48:10.445  INFO 7248 --- [localhost-startStop-1] o.s.b.w.servlet.FilterRegistrationBean   : Mapping filter: 'hiddenHttpMethodFilter' to: [/*]
2018-03-01 21:48:10.446  INFO 7248 --- [localhost-startStop-1] o.s.b.w.servlet.FilterRegistrationBean   : Mapping filter: 'httpPutFormContentFilter' to: [/*]
2018-03-01 21:48:10.446  INFO 7248 --- [localhost-startStop-1] o.s.b.w.servlet.FilterRegistrationBean   : Mapping filter: 'requestContextFilter' to: [/*]
2018-03-01 21:48:11.420  INFO 7248 --- [main] j.LocalContainerEntityManagerFactoryBean : Building JPA container EntityManagerFactory for persistence unit 'default'
2018-03-01 21:48:11.431  INFO 7248 --- [main] o.hibernate.jpa.internal.util.LogHelper  : HHH000204: Processing PersistenceUnitInfo [
	name: default
	...]
2018-03-01 21:48:11.479  INFO 7248 --- [main] org.hibernate.Version                    : HHH000412: Hibernate Core {5.0.12.Final}
2018-03-01 21:48:11.480  INFO 7248 --- [main] org.hibernate.cfg.Environment            : HHH000206: hibernate.properties not found
2018-03-01 21:48:11.481  INFO 7248 --- [main] org.hibernate.cfg.Environment            : HHH000021: Bytecode provider name : javassist
2018-03-01 21:48:11.516  INFO 7248 --- [main] o.hibernate.annotations.common.Version   : HCANN000001: Hibernate Commons Annotations {5.0.1.Final}
2018-03-01 21:48:11.597  INFO 7248 --- [main] org.hibernate.dialect.Dialect            : HHH000400: Using dialect: org.hibernate.dialect.MySQL5Dialect
2018-03-01 21:48:11.994  INFO 7248 --- [main] org.hibernate.tool.hbm2ddl.SchemaUpdate  : HHH000228: Running hbm2ddl schema update
2018-03-01 21:48:12.225  INFO 7248 --- [main] o.h.h.i.QueryTranslatorFactoryInitiator  : HHH000397: Using ASTQueryTranslatorFactory
2018-03-01 21:48:12.300  INFO 7248 --- [main] j.LocalContainerEntityManagerFactoryBean : Initialized JPA EntityManagerFactory for persistence unit 'default'
2018-03-01 21:48:12.930  INFO 7248 --- [main] s.w.s.m.m.a.RequestMappingHandlerAdapter : Looking for @ControllerAdvice: org.springframework.boot.context.embedded.AnnotationConfigEmbeddedWebApplicationContext@107227e: startup date [Thu Mar 01 21:48:08 ICT 2018]; root of context hierarchy
2018-03-01 21:48:12.991  INFO 7248 --- [main] s.w.s.m.m.a.RequestMappingHandlerMapping : Mapped "{[/error]}" onto public org.springframework.http.ResponseEntity<java.util.Map<java.lang.String, java.lang.Object>> org.springframework.boot.autoconfigure.web.BasicErrorController.error(javax.servlet.http.HttpServletRequest)
2018-03-01 21:48:12.992  INFO 7248 --- [main] s.w.s.m.m.a.RequestMappingHandlerMapping : Mapped "{[/error],produces=[text/html]}" onto public org.springframework.web.servlet.ModelAndView org.springframework.boot.autoconfigure.web.BasicErrorController.errorHtml(javax.servlet.http.HttpServletRequest,javax.servlet.http.HttpServletResponse)
2018-03-01 21:48:13.018  INFO 7248 --- [main] o.s.w.s.handler.SimpleUrlHandlerMapping  : Mapped URL path [/webjars/**] onto handler of type [class org.springframework.web.servlet.resource.ResourceHttpRequestHandler]
2018-03-01 21:48:13.018  INFO 7248 --- [main] o.s.w.s.handler.SimpleUrlHandlerMapping  : Mapped URL path [/**] onto handler of type [class org.springframework.web.servlet.resource.ResourceHttpRequestHandler]
2018-03-01 21:48:13.056  INFO 7248 --- [main] o.s.w.s.handler.SimpleUrlHandlerMapping  : Mapped URL path [/**/favicon.ico] onto handler of type [class org.springframework.web.servlet.resource.ResourceHttpRequestHandler]
2018-03-01 21:48:13.464  INFO 7248 --- [main] o.s.j.e.a.AnnotationMBeanExporter        : Registering beans for JMX exposure on startup
2018-03-01 21:48:13.490 ERROR 7248 --- [main] o.apache.catalina.core.StandardService   : Failed to start connector [Connector[HTTP/1.1-8080]]

org.apache.catalina.LifecycleException: Failed to start component [Connector[HTTP/1.1-8080]]
	at org.apache.catalina.util.LifecycleBase.start(LifecycleBase.java:167) ~[tomcat-embed-core-8.5.27.jar:8.5.27]
	at org.apache.catalina.core.StandardService.addConnector(StandardService.java:225) ~[tomcat-embed-core-8.5.27.jar:8.5.27]
	at org.springframework.boot.context.embedded.tomcat.TomcatEmbeddedServletContainer.addPreviouslyRemovedConnectors(TomcatEmbeddedServletContainer.java:250) [spring-boot-1.5.10.RELEASE.jar:1.5.10.RELEASE]
	at org.springframework.boot.context.embedded.tomcat.TomcatEmbeddedServletContainer.start(TomcatEmbeddedServletContainer.java:193) [spring-boot-1.5.10.RELEASE.jar:1.5.10.RELEASE]
	at org.springframework.boot.context.embedded.EmbeddedWebApplicationContext.startEmbeddedServletContainer(EmbeddedWebApplicationContext.java:297) [spring-boot-1.5.10.RELEASE.jar:1.5.10.RELEASE]
	at org.springframework.boot.context.embedded.EmbeddedWebApplicationContext.finishRefresh(EmbeddedWebApplicationContext.java:145) [spring-boot-1.5.10.RELEASE.jar:1.5.10.RELEASE]
	at org.springframework.context.support.AbstractApplicationContext.refresh(AbstractApplicationContext.java:546) [spring-context-4.3.14.RELEASE.jar:4.3.14.RELEASE]
	at org.springframework.boot.context.embedded.EmbeddedWebApplicationContext.refresh(EmbeddedWebApplicationContext.java:122) [spring-boot-1.5.10.RELEASE.jar:1.5.10.RELEASE]
	at org.springframework.boot.SpringApplication.refresh(SpringApplication.java:693) [spring-boot-1.5.10.RELEASE.jar:1.5.10.RELEASE]
	at org.springframework.boot.SpringApplication.refreshContext(SpringApplication.java:360) [spring-boot-1.5.10.RELEASE.jar:1.5.10.RELEASE]
	at org.springframework.boot.SpringApplication.run(SpringApplication.java:303) [spring-boot-1.5.10.RELEASE.jar:1.5.10.RELEASE]
	at org.springframework.boot.SpringApplication.run(SpringApplication.java:1118) [spring-boot-1.5.10.RELEASE.jar:1.5.10.RELEASE]
	at org.springframework.boot.SpringApplication.run(SpringApplication.java:1107) [spring-boot-1.5.10.RELEASE.jar:1.5.10.RELEASE]
	at com.example.CarHireSpringBootJpaApplication.main(CarHireSpringBootJpaApplication.java:14) [bin/:na]
Caused by: org.apache.catalina.LifecycleException: Protocol handler start failed
	at org.apache.catalina.connector.Connector.startInternal(Connector.java:1021) ~[tomcat-embed-core-8.5.27.jar:8.5.27]
	at org.apache.catalina.util.LifecycleBase.start(LifecycleBase.java:150) ~[tomcat-embed-core-8.5.27.jar:8.5.27]
	... 13 common frames omitted
Caused by: java.net.BindException: Address already in use: bind
	at sun.nio.ch.Net.bind0(Native Method) ~[na:1.8.0_144]
	at sun.nio.ch.Net.bind(Net.java:433) ~[na:1.8.0_144]
	at sun.nio.ch.Net.bind(Net.java:425) ~[na:1.8.0_144]
	at sun.nio.ch.ServerSocketChannelImpl.bind(ServerSocketChannelImpl.java:223) ~[na:1.8.0_144]
	at sun.nio.ch.ServerSocketAdaptor.bind(ServerSocketAdaptor.java:74) ~[na:1.8.0_144]
	at org.apache.tomcat.util.net.NioEndpoint.bind(NioEndpoint.java:210) ~[tomcat-embed-core-8.5.27.jar:8.5.27]
	at org.apache.tomcat.util.net.AbstractEndpoint.start(AbstractEndpoint.java:1150) ~[tomcat-embed-core-8.5.27.jar:8.5.27]
	at org.apache.coyote.AbstractProtocol.start(AbstractProtocol.java:591) ~[tomcat-embed-core-8.5.27.jar:8.5.27]
	at org.apache.catalina.connector.Connector.startInternal(Connector.java:1018) ~[tomcat-embed-core-8.5.27.jar:8.5.27]
	... 14 common frames omitted

2018-03-01 21:48:13.495  INFO 7248 --- [main] o.apache.catalina.core.StandardService   : Stopping service [Tomcat]
2018-03-01 21:48:13.503  INFO 7248 --- [main] utoConfigurationReportLoggingInitializer : 

Error starting ApplicationContext. To display the auto-configuration report re-run your application with 'debug' enabled.
2018-03-01 21:48:13.507 ERROR 7248 --- [main] o.s.b.d.LoggingFailureAnalysisReporter   : 

***************************
APPLICATION FAILED TO START
***************************

Description:

The Tomcat connector configured to listen on port 8080 failed to start. The port may already be in use or the connector may be misconfigured.

Action:

Verify the connector's configuration, identify and stop any process that's listening on port 8080, or configure this application to listen on another port.

2018-03-01 21:48:13.508  INFO 7248 --- [main] ationConfigEmbeddedWebApplicationContext : Closing org.springframework.boot.context.embedded.AnnotationConfigEmbeddedWebApplicationContext@107227e: startup date [Thu Mar 01 21:48:08 ICT 2018]; root of context hierarchy
2018-03-01 21:48:13.509  INFO 7248 --- [main] o.s.j.e.a.AnnotationMBeanExporter        : Unregistering JMX-exposed beans on shutdown
2018-03-01 21:48:13.511  INFO 7248 --- [main] j.LocalContainerEntityManagerFactoryBean : Closing JPA EntityManagerFactory for persistence unit 'default'
2018-03-01 21:49:09.985  INFO 8040 --- [main] c.e.CarHireSpringBootJpaApplication      : Starting CarHireSpringBootJpaApplication on Hamsuhi with PID 8040 (E:\Workspace\HireCarJpaWebservice\bin started by admin in E:\Workspace\HireCarJpaWebservice)
2018-03-01 21:49:09.987  INFO 8040 --- [main] c.e.CarHireSpringBootJpaApplication      : No active profile set, falling back to default profiles: default
2018-03-01 21:49:10.178  INFO 8040 --- [main] ationConfigEmbeddedWebApplicationContext : Refreshing org.springframework.boot.context.embedded.AnnotationConfigEmbeddedWebApplicationContext@b7a896: startup date [Thu Mar 01 21:49:10 ICT 2018]; root of context hierarchy
2018-03-01 21:49:10.351  WARN 8040 --- [main] ationConfigEmbeddedWebApplicationContext : Exception encountered during context initialization - cancelling refresh attempt: org.springframework.context.ApplicationContextException: Unable to start embedded container; nested exception is org.springframework.context.ApplicationContextException: Unable to start EmbeddedWebApplicationContext due to missing EmbeddedServletContainerFactory bean.
2018-03-01 21:49:10.453 ERROR 8040 --- [main] o.s.boot.SpringApplication               : Application startup failed

org.springframework.context.ApplicationContextException: Unable to start embedded container; nested exception is org.springframework.context.ApplicationContextException: Unable to start EmbeddedWebApplicationContext due to missing EmbeddedServletContainerFactory bean.
	at org.springframework.boot.context.embedded.EmbeddedWebApplicationContext.onRefresh(EmbeddedWebApplicationContext.java:137) ~[spring-boot-1.5.10.RELEASE.jar:1.5.10.RELEASE]
	at org.springframework.context.support.AbstractApplicationContext.refresh(AbstractApplicationContext.java:537) ~[spring-context-4.3.14.RELEASE.jar:4.3.14.RELEASE]
	at org.springframework.boot.context.embedded.EmbeddedWebApplicationContext.refresh(EmbeddedWebApplicationContext.java:122) ~[spring-boot-1.5.10.RELEASE.jar:1.5.10.RELEASE]
	at org.springframework.boot.SpringApplication.refresh(SpringApplication.java:693) [spring-boot-1.5.10.RELEASE.jar:1.5.10.RELEASE]
	at org.springframework.boot.SpringApplication.refreshContext(SpringApplication.java:360) [spring-boot-1.5.10.RELEASE.jar:1.5.10.RELEASE]
	at org.springframework.boot.SpringApplication.run(SpringApplication.java:303) [spring-boot-1.5.10.RELEASE.jar:1.5.10.RELEASE]
	at org.springframework.boot.SpringApplication.run(SpringApplication.java:1118) [spring-boot-1.5.10.RELEASE.jar:1.5.10.RELEASE]
	at org.springframework.boot.SpringApplication.run(SpringApplication.java:1107) [spring-boot-1.5.10.RELEASE.jar:1.5.10.RELEASE]
	at com.example.CarHireSpringBootJpaApplication.main(CarHireSpringBootJpaApplication.java:16) [bin/:na]
Caused by: org.springframework.context.ApplicationContextException: Unable to start EmbeddedWebApplicationContext due to missing EmbeddedServletContainerFactory bean.
	at org.springframework.boot.context.embedded.EmbeddedWebApplicationContext.getEmbeddedServletContainerFactory(EmbeddedWebApplicationContext.java:189) ~[spring-boot-1.5.10.RELEASE.jar:1.5.10.RELEASE]
	at org.springframework.boot.context.embedded.EmbeddedWebApplicationContext.createEmbeddedServletContainer(EmbeddedWebApplicationContext.java:162) ~[spring-boot-1.5.10.RELEASE.jar:1.5.10.RELEASE]
	at org.springframework.boot.context.embedded.EmbeddedWebApplicationContext.onRefresh(EmbeddedWebApplicationContext.java:134) ~[spring-boot-1.5.10.RELEASE.jar:1.5.10.RELEASE]
	... 8 common frames omitted

2018-03-01 21:49:36.185  INFO 11168 --- [main] c.e.CarHireSpringBootJpaApplication      : Starting CarHireSpringBootJpaApplication on Hamsuhi with PID 11168 (E:\Workspace\HireCarJpaWebservice\bin started by admin in E:\Workspace\HireCarJpaWebservice)
2018-03-01 21:49:36.188  INFO 11168 --- [main] c.e.CarHireSpringBootJpaApplication      : No active profile set, falling back to default profiles: default
2018-03-01 21:49:36.681  INFO 11168 --- [main] ationConfigEmbeddedWebApplicationContext : Refreshing org.springframework.boot.context.embedded.AnnotationConfigEmbeddedWebApplicationContext@1bc39f8: startup date [Thu Mar 01 21:49:36 ICT 2018]; root of context hierarchy
2018-03-01 21:49:37.907  INFO 11168 --- [main] trationDelegate$BeanPostProcessorChecker : Bean 'org.springframework.transaction.annotation.ProxyTransactionManagementConfiguration' of type [org.springframework.transaction.annotation.ProxyTransactionManagementConfiguration$$EnhancerBySpringCGLIB$$3c21fb0d] is not eligible for getting processed by all BeanPostProcessors (for example: not eligible for auto-proxying)
2018-03-01 21:49:38.942  INFO 11168 --- [main] s.b.c.e.t.TomcatEmbeddedServletContainer : Tomcat initialized with port(s): 8080 (http)
2018-03-01 21:49:38.982  INFO 11168 --- [main] o.apache.catalina.core.StandardService   : Starting service [Tomcat]
2018-03-01 21:49:38.983  INFO 11168 --- [main] org.apache.catalina.core.StandardEngine  : Starting Servlet Engine: Apache Tomcat/8.5.27
2018-03-01 21:49:39.749  INFO 11168 --- [localhost-startStop-1] o.a.c.c.C.[Tomcat].[localhost].[/]       : Initializing Spring embedded WebApplicationContext
2018-03-01 21:49:39.749  INFO 11168 --- [localhost-startStop-1] o.s.web.context.ContextLoader            : Root WebApplicationContext: initialization completed in 3072 ms
2018-03-01 21:49:39.918  INFO 11168 --- [localhost-startStop-1] o.s.b.w.servlet.ServletRegistrationBean  : Mapping servlet: 'dispatcherServlet' to [/]
2018-03-01 21:49:39.922  INFO 11168 --- [localhost-startStop-1] o.s.b.w.servlet.FilterRegistrationBean   : Mapping filter: 'characterEncodingFilter' to: [/*]
2018-03-01 21:49:39.922  INFO 11168 --- [localhost-startStop-1] o.s.b.w.servlet.FilterRegistrationBean   : Mapping filter: 'hiddenHttpMethodFilter' to: [/*]
2018-03-01 21:49:39.922  INFO 11168 --- [localhost-startStop-1] o.s.b.w.servlet.FilterRegistrationBean   : Mapping filter: 'httpPutFormContentFilter' to: [/*]
2018-03-01 21:49:39.922  INFO 11168 --- [localhost-startStop-1] o.s.b.w.servlet.FilterRegistrationBean   : Mapping filter: 'requestContextFilter' to: [/*]
2018-03-01 21:49:40.939  INFO 11168 --- [main] j.LocalContainerEntityManagerFactoryBean : Building JPA container EntityManagerFactory for persistence unit 'default'
2018-03-01 21:49:40.983  INFO 11168 --- [main] o.hibernate.jpa.internal.util.LogHelper  : HHH000204: Processing PersistenceUnitInfo [
	name: default
	...]
2018-03-01 21:49:41.056  INFO 11168 --- [main] org.hibernate.Version                    : HHH000412: Hibernate Core {5.0.12.Final}
2018-03-01 21:49:41.058  INFO 11168 --- [main] org.hibernate.cfg.Environment            : HHH000206: hibernate.properties not found
2018-03-01 21:49:41.060  INFO 11168 --- [main] org.hibernate.cfg.Environment            : HHH000021: Bytecode provider name : javassist
2018-03-01 21:49:41.158  INFO 11168 --- [main] o.hibernate.annotations.common.Version   : HCANN000001: Hibernate Commons Annotations {5.0.1.Final}
2018-03-01 21:49:41.349  INFO 11168 --- [main] org.hibernate.dialect.Dialect            : HHH000400: Using dialect: org.hibernate.dialect.MySQL5Dialect
2018-03-01 21:49:42.233  INFO 11168 --- [main] org.hibernate.tool.hbm2ddl.SchemaUpdate  : HHH000228: Running hbm2ddl schema update
2018-03-01 21:49:42.540  INFO 11168 --- [main] o.h.h.i.QueryTranslatorFactoryInitiator  : HHH000397: Using ASTQueryTranslatorFactory
2018-03-01 21:49:42.735  INFO 11168 --- [main] j.LocalContainerEntityManagerFactoryBean : Initialized JPA EntityManagerFactory for persistence unit 'default'
2018-03-01 21:49:43.447  INFO 11168 --- [main] s.w.s.m.m.a.RequestMappingHandlerAdapter : Looking for @ControllerAdvice: org.springframework.boot.context.embedded.AnnotationConfigEmbeddedWebApplicationContext@1bc39f8: startup date [Thu Mar 01 21:49:36 ICT 2018]; root of context hierarchy
2018-03-01 21:49:43.659  INFO 11168 --- [main] s.w.s.m.m.a.RequestMappingHandlerMapping : Mapped "{[/error]}" onto public org.springframework.http.ResponseEntity<java.util.Map<java.lang.String, java.lang.Object>> org.springframework.boot.autoconfigure.web.BasicErrorController.error(javax.servlet.http.HttpServletRequest)
2018-03-01 21:49:43.660  INFO 11168 --- [main] s.w.s.m.m.a.RequestMappingHandlerMapping : Mapped "{[/error],produces=[text/html]}" onto public org.springframework.web.servlet.ModelAndView org.springframework.boot.autoconfigure.web.BasicErrorController.errorHtml(javax.servlet.http.HttpServletRequest,javax.servlet.http.HttpServletResponse)
2018-03-01 21:49:43.688  INFO 11168 --- [main] o.s.w.s.handler.SimpleUrlHandlerMapping  : Mapped URL path [/webjars/**] onto handler of type [class org.springframework.web.servlet.resource.ResourceHttpRequestHandler]
2018-03-01 21:49:43.688  INFO 11168 --- [main] o.s.w.s.handler.SimpleUrlHandlerMapping  : Mapped URL path [/**] onto handler of type [class org.springframework.web.servlet.resource.ResourceHttpRequestHandler]
2018-03-01 21:49:43.724  INFO 11168 --- [main] o.s.w.s.handler.SimpleUrlHandlerMapping  : Mapped URL path [/**/favicon.ico] onto handler of type [class org.springframework.web.servlet.resource.ResourceHttpRequestHandler]
2018-03-01 21:49:44.593  INFO 11168 --- [main] o.s.j.e.a.AnnotationMBeanExporter        : Registering beans for JMX exposure on startup
2018-03-01 21:49:44.695 ERROR 11168 --- [main] o.apache.catalina.core.StandardService   : Failed to start connector [Connector[HTTP/1.1-8080]]

org.apache.catalina.LifecycleException: Failed to start component [Connector[HTTP/1.1-8080]]
	at org.apache.catalina.util.LifecycleBase.start(LifecycleBase.java:167) ~[tomcat-embed-core-8.5.27.jar:8.5.27]
	at org.apache.catalina.core.StandardService.addConnector(StandardService.java:225) ~[tomcat-embed-core-8.5.27.jar:8.5.27]
	at org.springframework.boot.context.embedded.tomcat.TomcatEmbeddedServletContainer.addPreviouslyRemovedConnectors(TomcatEmbeddedServletContainer.java:250) [spring-boot-1.5.10.RELEASE.jar:1.5.10.RELEASE]
	at org.springframework.boot.context.embedded.tomcat.TomcatEmbeddedServletContainer.start(TomcatEmbeddedServletContainer.java:193) [spring-boot-1.5.10.RELEASE.jar:1.5.10.RELEASE]
	at org.springframework.boot.context.embedded.EmbeddedWebApplicationContext.startEmbeddedServletContainer(EmbeddedWebApplicationContext.java:297) [spring-boot-1.5.10.RELEASE.jar:1.5.10.RELEASE]
	at org.springframework.boot.context.embedded.EmbeddedWebApplicationContext.finishRefresh(EmbeddedWebApplicationContext.java:145) [spring-boot-1.5.10.RELEASE.jar:1.5.10.RELEASE]
	at org.springframework.context.support.AbstractApplicationContext.refresh(AbstractApplicationContext.java:546) [spring-context-4.3.14.RELEASE.jar:4.3.14.RELEASE]
	at org.springframework.boot.context.embedded.EmbeddedWebApplicationContext.refresh(EmbeddedWebApplicationContext.java:122) [spring-boot-1.5.10.RELEASE.jar:1.5.10.RELEASE]
	at org.springframework.boot.SpringApplication.refresh(SpringApplication.java:693) [spring-boot-1.5.10.RELEASE.jar:1.5.10.RELEASE]
	at org.springframework.boot.SpringApplication.refreshContext(SpringApplication.java:360) [spring-boot-1.5.10.RELEASE.jar:1.5.10.RELEASE]
	at org.springframework.boot.SpringApplication.run(SpringApplication.java:303) [spring-boot-1.5.10.RELEASE.jar:1.5.10.RELEASE]
	at org.springframework.boot.SpringApplication.run(SpringApplication.java:1118) [spring-boot-1.5.10.RELEASE.jar:1.5.10.RELEASE]
	at org.springframework.boot.SpringApplication.run(SpringApplication.java:1107) [spring-boot-1.5.10.RELEASE.jar:1.5.10.RELEASE]
	at com.example.CarHireSpringBootJpaApplication.main(CarHireSpringBootJpaApplication.java:16) [bin/:na]
Caused by: org.apache.catalina.LifecycleException: Protocol handler start failed
	at org.apache.catalina.connector.Connector.startInternal(Connector.java:1021) ~[tomcat-embed-core-8.5.27.jar:8.5.27]
	at org.apache.catalina.util.LifecycleBase.start(LifecycleBase.java:150) ~[tomcat-embed-core-8.5.27.jar:8.5.27]
	... 13 common frames omitted
Caused by: java.net.BindException: Address already in use: bind
	at sun.nio.ch.Net.bind0(Native Method) ~[na:1.8.0_144]
	at sun.nio.ch.Net.bind(Net.java:433) ~[na:1.8.0_144]
	at sun.nio.ch.Net.bind(Net.java:425) ~[na:1.8.0_144]
	at sun.nio.ch.ServerSocketChannelImpl.bind(ServerSocketChannelImpl.java:223) ~[na:1.8.0_144]
	at sun.nio.ch.ServerSocketAdaptor.bind(ServerSocketAdaptor.java:74) ~[na:1.8.0_144]
	at org.apache.tomcat.util.net.NioEndpoint.bind(NioEndpoint.java:210) ~[tomcat-embed-core-8.5.27.jar:8.5.27]
	at org.apache.tomcat.util.net.AbstractEndpoint.start(AbstractEndpoint.java:1150) ~[tomcat-embed-core-8.5.27.jar:8.5.27]
	at org.apache.coyote.AbstractProtocol.start(AbstractProtocol.java:591) ~[tomcat-embed-core-8.5.27.jar:8.5.27]
	at org.apache.catalina.connector.Connector.startInternal(Connector.java:1018) ~[tomcat-embed-core-8.5.27.jar:8.5.27]
	... 14 common frames omitted

2018-03-01 21:49:44.704  INFO 11168 --- [main] o.apache.catalina.core.StandardService   : Stopping service [Tomcat]
2018-03-01 21:49:44.713  INFO 11168 --- [main] utoConfigurationReportLoggingInitializer : 

Error starting ApplicationContext. To display the auto-configuration report re-run your application with 'debug' enabled.
2018-03-01 21:49:44.717 ERROR 11168 --- [main] o.s.b.d.LoggingFailureAnalysisReporter   : 

***************************
APPLICATION FAILED TO START
***************************

Description:

The Tomcat connector configured to listen on port 8080 failed to start. The port may already be in use or the connector may be misconfigured.

Action:

Verify the connector's configuration, identify and stop any process that's listening on port 8080, or configure this application to listen on another port.

2018-03-01 21:49:44.718  INFO 11168 --- [main] ationConfigEmbeddedWebApplicationContext : Closing org.springframework.boot.context.embedded.AnnotationConfigEmbeddedWebApplicationContext@1bc39f8: startup date [Thu Mar 01 21:49:36 ICT 2018]; root of context hierarchy
2018-03-01 21:49:44.719  INFO 11168 --- [main] o.s.j.e.a.AnnotationMBeanExporter        : Unregistering JMX-exposed beans on shutdown
2018-03-01 21:49:44.721  INFO 11168 --- [main] j.LocalContainerEntityManagerFactoryBean : Closing JPA EntityManagerFactory for persistence unit 'default'
2018-03-02 00:40:38.921  INFO 7568 --- [RMI TCP Connection(2)-127.0.0.1] inMXBeanRegistrar$SpringApplicationAdmin : Application shutdown requested.
2018-03-02 00:40:38.942  INFO 7568 --- [RMI TCP Connection(2)-127.0.0.1] ationConfigEmbeddedWebApplicationContext : Closing org.springframework.boot.context.embedded.AnnotationConfigEmbeddedWebApplicationContext@107227e: startup date [Thu Mar 01 19:35:44 ICT 2018]; root of context hierarchy
2018-03-02 00:40:39.131  INFO 7568 --- [RMI TCP Connection(2)-127.0.0.1] o.s.j.e.a.AnnotationMBeanExporter        : Unregistering JMX-exposed beans on shutdown
2018-03-02 00:40:39.146  INFO 7568 --- [RMI TCP Connection(2)-127.0.0.1] j.LocalContainerEntityManagerFactoryBean : Closing JPA EntityManagerFactory for persistence unit 'default'
